This is XeTeX, Version 3.141592653-2.6-0.999995 (TeX Live 2023/Debian) (preloaded format=xelatex 2024.12.18)  18 DEC 2024 09:56
entering extended mode
 restricted \write18 enabled.
 %&-line parsing enabled.
**DSA.tex
(./DSA.tex
LaTeX2e <2023-11-01> patch level 1
L3 programming layer <2024-01-22>
(./sphinxmanual.cls
Document Class: sphinxmanual 2019/12/01 v2.3.0 Document class (Sphinx manual)
(/usr/share/texlive/texmf-dist/tex/latex/base/report.cls
Document Class: report 2023/05/17 v1.4n Standard LaTeX document class
(/usr/share/texlive/texmf-dist/tex/latex/base/size10.clo
File: size10.clo 2023/05/17 v1.4n Standard LaTeX file (size option)
)
\c@part=\count183
\c@chapter=\count184
\c@section=\count185
\c@subsection=\count186
\c@subsubsection=\count187
\c@paragraph=\count188
\c@subparagraph=\count189
\c@figure=\count190
\c@table=\count191
\abovecaptionskip=\skip48
\belowcaptionskip=\skip49
\bibindent=\dimen140
)
LaTeX Info: Redefining \and on input line 35.
)
\sphinxpxdimen=\dimen141

(/usr/share/texlive/texmf-dist/tex/latex/cmap/cmap.sty
Package: cmap 2021/02/06 v1.0j CMap support: searchable PDF


Package cmap Warning: pdftex not detected - exiting.

) (/usr/share/texlive/texmf-dist/tex/latex/fontspec/fontspec.sty
(/usr/share/texlive/texmf-dist/tex/latex/l3packages/xparse/xparse.sty
(/usr/share/texlive/texmf-dist/tex/latex/l3kernel/expl3.sty
Package: expl3 2024-01-22 L3 programming layer (loader) 

(/usr/share/texlive/texmf-dist/tex/latex/l3backend/l3backend-xetex.def
File: l3backend-xetex.def 2024-01-04 L3 backend support: XeTeX
\g__graphics_track_int=\count192
\l__pdf_internal_box=\box51
\g__pdf_backend_object_int=\count193
\g__pdf_backend_annotation_int=\count194
\g__pdf_backend_link_int=\count195
))
Package: xparse 2023-10-10 L3 Experimental document command parser
)
Package: fontspec 2022/01/15 v2.8a Font selection for XeLaTeX and LuaLaTeX

(/usr/share/texlive/texmf-dist/tex/latex/fontspec/fontspec-xetex.sty
Package: fontspec-xetex 2022/01/15 v2.8a Font selection for XeLaTeX and LuaLaTe
X
\l__fontspec_script_int=\count196
\l__fontspec_language_int=\count197
\l__fontspec_strnum_int=\count198
\l__fontspec_tmp_int=\count199
\l__fontspec_tmpa_int=\count266
\l__fontspec_tmpb_int=\count267
\l__fontspec_tmpc_int=\count268
\l__fontspec_em_int=\count269
\l__fontspec_emdef_int=\count270
\l__fontspec_strong_int=\count271
\l__fontspec_strongdef_int=\count272
\l__fontspec_tmpa_dim=\dimen142
\l__fontspec_tmpb_dim=\dimen143
\l__fontspec_tmpc_dim=\dimen144

(/usr/share/texlive/texmf-dist/tex/latex/base/fontenc.sty
Package: fontenc 2021/04/29 v2.0v Standard LaTeX package
)
(/usr/share/texlive/texmf-dist/tex/latex/fontspec/fontspec.cfg)))
(/usr/share/texlive/texmf-dist/tex/latex/amsmath/amsmath.sty
Package: amsmath 2023/05/13 v2.17o AMS math features
\@mathmargin=\skip50

For additional information on amsmath, use the `?' option.
(/usr/share/texlive/texmf-dist/tex/latex/amsmath/amstext.sty
Package: amstext 2021/08/26 v2.01 AMS text

(/usr/share/texlive/texmf-dist/tex/latex/amsmath/amsgen.sty
File: amsgen.sty 1999/11/30 v2.0 generic functions
\@emptytoks=\toks17
\ex@=\dimen145
))
(/usr/share/texlive/texmf-dist/tex/latex/amsmath/amsbsy.sty
Package: amsbsy 1999/11/29 v1.2d Bold Symbols
\pmbraise@=\dimen146
)
(/usr/share/texlive/texmf-dist/tex/latex/amsmath/amsopn.sty
Package: amsopn 2022/04/08 v2.04 operator names
)
\inf@bad=\count273
LaTeX Info: Redefining \frac on input line 234.
\uproot@=\count274
\leftroot@=\count275
LaTeX Info: Redefining \overline on input line 399.
LaTeX Info: Redefining \colon on input line 410.
\classnum@=\count276
\DOTSCASE@=\count277
LaTeX Info: Redefining \ldots on input line 496.
LaTeX Info: Redefining \dots on input line 499.
LaTeX Info: Redefining \cdots on input line 620.
\Mathstrutbox@=\box52
\strutbox@=\box53
LaTeX Info: Redefining \big on input line 722.
LaTeX Info: Redefining \Big on input line 723.
LaTeX Info: Redefining \bigg on input line 724.
LaTeX Info: Redefining \Bigg on input line 725.
\big@size=\dimen147
LaTeX Font Info:    Redeclaring font encoding OML on input line 743.
LaTeX Font Info:    Redeclaring font encoding OMS on input line 744.
\macc@depth=\count278
LaTeX Info: Redefining \bmod on input line 905.
LaTeX Info: Redefining \pmod on input line 910.
LaTeX Info: Redefining \smash on input line 940.
LaTeX Info: Redefining \relbar on input line 970.
LaTeX Info: Redefining \Relbar on input line 971.
\c@MaxMatrixCols=\count279
\dotsspace@=\muskip16
\c@parentequation=\count280
\dspbrk@lvl=\count281
\tag@help=\toks18
\row@=\count282
\column@=\count283
\maxfields@=\count284
\andhelp@=\toks19
\eqnshift@=\dimen148
\alignsep@=\dimen149
\tagshift@=\dimen150
\tagwidth@=\dimen151
\totwidth@=\dimen152
\lineht@=\dimen153
\@envbody=\toks20
\multlinegap=\skip51
\multlinetaggap=\skip52
\mathdisplay@stack=\toks21
LaTeX Info: Redefining \[ on input line 2953.
LaTeX Info: Redefining \] on input line 2954.
)
(/usr/share/texlive/texmf-dist/tex/latex/amsfonts/amssymb.sty
Package: amssymb 2013/01/14 v3.01 AMS font symbols

(/usr/share/texlive/texmf-dist/tex/latex/amsfonts/amsfonts.sty
Package: amsfonts 2013/01/14 v3.01 Basic AMSFonts support
\symAMSa=\mathgroup4
\symAMSb=\mathgroup5
LaTeX Font Info:    Redeclaring math symbol \hbar on input line 98.
LaTeX Font Info:    Overwriting math alphabet `\mathfrak' in version `bold'
(Font)                  U/euf/m/n --> U/euf/b/n on input line 106.
))
(/usr/share/texlive/texmf-dist/tex/latex/polyglossia/polyglossia.sty
Package: polyglossia 2023/12/11 v1.66 Modern multilingual typesetting with XeLa
TeX and LuaLaTeX

(/usr/share/texlive/texmf-dist/tex/latex/etoolbox/etoolbox.sty
Package: etoolbox 2020/10/05 v2.5k e-TeX tools for LaTeX (JAW)
\etb@tempcnta=\count285
)
(/usr/share/texlive/texmf-dist/tex/latex/xkeyval/xkeyval.sty
Package: xkeyval 2022/06/16 v2.9 package option processing (HA)

(/usr/share/texlive/texmf-dist/tex/generic/xkeyval/xkeyval.tex
(/usr/share/texlive/texmf-dist/tex/generic/xkeyval/xkvutils.tex
\XKV@toks=\toks22
\XKV@tempa@toks=\toks23

(/usr/share/texlive/texmf-dist/tex/generic/xkeyval/keyval.tex))
\XKV@depth=\count286
File: xkeyval.tex 2014/12/03 v2.7a key=value parser (HA)
))
(/usr/share/texlive/texmf-dist/tex/generic/iftex/iftex.sty
Package: iftex 2022/02/03 v1.0f TeX engine tests
)
\xpg@normalclass=\XeTeXcharclass1

(/usr/share/texlive/texmf-dist/tex/latex/polyglossia/gloss-latex.lde
Package: gloss-latex 2023/12/11 v1.66 polyglossia: module for default language
)
Package polyglossia Info: Default language is latex.
)
(/usr/share/texlive/texmf-dist/tex/latex/polyglossia/gloss-lithuanian.ldf
File: gloss-lithuanian.ldf polyglossia: module for Lithuanian
)
Package polyglossia Info: Default language is lithuanian.

Package fontspec Info: Font family 'DejaVuSerif(0)' created for font 'DejaVu
(fontspec)             Serif' with options [].
(fontspec)              
(fontspec)              This font family consists of the following NFSS
(fontspec)             series/shapes:
(fontspec)              
(fontspec)             - 'normal' (m/n) with NFSS spec.: <->"DejaVu
(fontspec)             Serif/OT:script=latn;language=dflt;"
(fontspec)             - 'small caps'  (m/sc) with NFSS spec.: 
(fontspec)             - 'bold' (b/n) with NFSS spec.: <->"DejaVu
(fontspec)             Serif/B/OT:script=latn;language=dflt;"
(fontspec)             - 'bold small caps'  (b/sc) with NFSS spec.: 
(fontspec)             - 'italic' (m/it) with NFSS spec.: <->"DejaVu
(fontspec)             Serif/I/OT:script=latn;language=dflt;"
(fontspec)             - 'italic small caps'  (m/scit) with NFSS spec.: 
(fontspec)             - 'bold italic' (b/it) with NFSS spec.: <->"DejaVu
(fontspec)             Serif/BI/OT:script=latn;language=dflt;"
(fontspec)             - 'bold italic small caps'  (b/scit) with NFSS spec.: 


Package fontspec Info: Font family 'DejaVuSans(0)' created for font 'DejaVu
(fontspec)             Sans' with options [].
(fontspec)              
(fontspec)              This font family consists of the following NFSS
(fontspec)             series/shapes:
(fontspec)              
(fontspec)             - 'normal' (m/n) with NFSS spec.: <->"DejaVu
(fontspec)             Sans/OT:script=latn;language=dflt;"
(fontspec)             - 'small caps'  (m/sc) with NFSS spec.: 
(fontspec)             - 'bold' (b/n) with NFSS spec.: <->"DejaVu
(fontspec)             Sans/B/OT:script=latn;language=dflt;"
(fontspec)             - 'bold small caps'  (b/sc) with NFSS spec.: 
(fontspec)             - 'italic' (m/it) with NFSS spec.: <->"DejaVu
(fontspec)             Sans/I/OT:script=latn;language=dflt;"
(fontspec)             - 'italic small caps'  (m/scit) with NFSS spec.: 
(fontspec)             - 'bold italic' (b/it) with NFSS spec.: <->"DejaVu
(fontspec)             Sans/BI/OT:script=latn;language=dflt;"
(fontspec)             - 'bold italic small caps'  (b/scit) with NFSS spec.: 


Package fontspec Info: Font family 'DejaVuSansMono(0)' created for font
(fontspec)             'DejaVu Sans Mono' with options [].
(fontspec)              
(fontspec)              This font family consists of the following NFSS
(fontspec)             series/shapes:
(fontspec)              
(fontspec)             - 'normal' (m/n) with NFSS spec.: <->"DejaVu Sans
(fontspec)             Mono/OT:script=latn;language=dflt;"
(fontspec)             - 'small caps'  (m/sc) with NFSS spec.: 
(fontspec)             - 'bold' (b/n) with NFSS spec.: <->"DejaVu Sans
(fontspec)             Mono/B/OT:script=latn;language=dflt;"
(fontspec)             - 'bold small caps'  (b/sc) with NFSS spec.: 
(fontspec)             - 'italic' (m/it) with NFSS spec.: <->"DejaVu Sans
(fontspec)             Mono/I/OT:script=latn;language=dflt;"
(fontspec)             - 'italic small caps'  (m/scit) with NFSS spec.: 
(fontspec)             - 'bold italic' (b/it) with NFSS spec.: <->"DejaVu Sans
(fontspec)             Mono/BI/OT:script=latn;language=dflt;"
(fontspec)             - 'bold italic small caps'  (b/scit) with NFSS spec.: 


(/usr/share/texlive/texmf-dist/tex/latex/fncychap/fncychap.sty
Package: fncychap 2007/07/30 v1.34 LaTeX package (Revised chapters)
\RW=\skip53
\mylen=\skip54
\myhi=\skip55
\px=\skip56
\py=\skip57
\pyy=\skip58
\pxx=\skip59
) (./sphinx.sty
Package: sphinx 2024/10/11 v8.1.1 Sphinx LaTeX package (sphinx-doc)

(/usr/share/texlive/texmf-dist/tex/generic/ltxcmds/ltxcmds.sty
Package: ltxcmds 2023-12-04 v1.26 LaTeX kernel commands for general use (HO)
)
(/usr/share/texlive/texmf-dist/tex/latex/xcolor/xcolor.sty
Package: xcolor 2023/11/15 v3.01 LaTeX color extensions (UK)

(/usr/share/texlive/texmf-dist/tex/latex/graphics-cfg/color.cfg
File: color.cfg 2016/01/02 v1.6 sample color configuration
)
Package xcolor Info: Driver file: xetex.def on input line 274.

(/usr/share/texlive/texmf-dist/tex/latex/graphics-def/xetex.def
File: xetex.def 2022/09/22 v5.0n Graphics/color driver for xetex
)
(/usr/share/texlive/texmf-dist/tex/latex/graphics/mathcolor.ltx)
Package xcolor Info: Model `cmy' substituted by `cmy0' on input line 1350.
Package xcolor Info: Model `RGB' extended on input line 1366.
Package xcolor Info: Model `HTML' substituted by `rgb' on input line 1368.
Package xcolor Info: Model `Hsb' substituted by `hsb' on input line 1369.
Package xcolor Info: Model `tHsb' substituted by `hsb' on input line 1370.
Package xcolor Info: Model `HSB' substituted by `hsb' on input line 1371.
Package xcolor Info: Model `Gray' substituted by `gray' on input line 1372.
Package xcolor Info: Model `wave' substituted by `hsb' on input line 1373.
)
(/usr/share/texlive/texmf-dist/tex/latex/kvoptions/kvoptions.sty
Package: kvoptions 2022-06-15 v3.15 Key value format for package options (HO)

(/usr/share/texlive/texmf-dist/tex/latex/kvsetkeys/kvsetkeys.sty
Package: kvsetkeys 2022-10-05 v1.19 Key value parser (HO)
))
(./sphinxoptionshyperref.sty
Package: sphinxoptionshyperref 2021/01/27 hyperref
) (./sphinxoptionsgeometry.sty
Package: sphinxoptionsgeometry 2021/01/27 geometry
)
(/usr/share/texlive/texmf-dist/tex/latex/base/textcomp.sty
Package: textcomp 2020/02/02 v2.0n Standard LaTeX package
)
(/usr/share/texlive/texmf-dist/tex/latex/float/float.sty
Package: float 2001/11/08 v1.3d Float enhancements (AL)
\c@float@type=\count287
\float@exts=\toks24
\float@box=\box54
\@float@everytoks=\toks25
\@floatcapt=\box55
)
(/usr/share/texlive/texmf-dist/tex/latex/wrapfig/wrapfig.sty
\wrapoverhang=\dimen154
\WF@size=\dimen155
\c@WF@wrappedlines=\count288
\WF@box=\box56
\WF@everypar=\toks26
Package: wrapfig 2003/01/31  v 3.6
)
(/usr/share/texlive/texmf-dist/tex/latex/capt-of/capt-of.sty
Package: capt-of 2009/12/29 v0.2 standard captions outside of floats
)
(/usr/share/texlive/texmf-dist/tex/latex/tools/multicol.sty
Package: multicol 2023/03/30 v1.9f multicolumn formatting (FMi)
\c@tracingmulticols=\count289
\mult@box=\box57
\multicol@leftmargin=\dimen156
\c@unbalance=\count290
\c@collectmore=\count291
\doublecol@number=\count292
\multicoltolerance=\count293
\multicolpretolerance=\count294
\full@width=\dimen157
\page@free=\dimen158
\premulticols=\dimen159
\postmulticols=\dimen160
\multicolsep=\skip60
\multicolbaselineskip=\skip61
\partial@page=\box58
\last@line=\box59
\mc@boxedresult=\box60
\maxbalancingoverflow=\dimen161
\mult@rightbox=\box61
\mult@grightbox=\box62
\mult@firstbox=\box63
\mult@gfirstbox=\box64
\@tempa=\box65
\@tempa=\box66
\@tempa=\box67
\@tempa=\box68
\@tempa=\box69
\@tempa=\box70
\@tempa=\box71
\@tempa=\box72
\@tempa=\box73
\@tempa=\box74
\@tempa=\box75
\@tempa=\box76
\@tempa=\box77
\@tempa=\box78
\@tempa=\box79
\@tempa=\box80
\@tempa=\box81
\@tempa=\box82
\@tempa=\box83
\@tempa=\box84
\@tempa=\box85
\@tempa=\box86
\@tempa=\box87
\@tempa=\box88
\@tempa=\box89
\@tempa=\box90
\@tempa=\box91
\@tempa=\box92
\@tempa=\box93
\@tempa=\box94
\@tempa=\box95
\@tempa=\box96
\@tempa=\box97
\@tempa=\box98
\@tempa=\box99
\@tempa=\box100
\c@minrows=\count295
\c@columnbadness=\count296
\c@finalcolumnbadness=\count297
\last@try=\dimen162
\multicolovershoot=\dimen163
\multicolundershoot=\dimen164
\mult@nat@firstbox=\box101
\colbreak@box=\box102
\mc@col@check@num=\count298
)
(/usr/share/texlive/texmf-dist/tex/latex/graphics/graphicx.sty
Package: graphicx 2021/09/16 v1.2d Enhanced LaTeX Graphics (DPC,SPQR)

(/usr/share/texlive/texmf-dist/tex/latex/graphics/graphics.sty
Package: graphics 2022/03/10 v1.4e Standard LaTeX Graphics (DPC,SPQR)

(/usr/share/texlive/texmf-dist/tex/latex/graphics/trig.sty
Package: trig 2021/08/11 v1.11 sin cos tan (DPC)
)
(/usr/share/texlive/texmf-dist/tex/latex/graphics-cfg/graphics.cfg
File: graphics.cfg 2016/06/04 v1.11 sample graphics configuration
)
Package graphics Info: Driver file: xetex.def on input line 107.
)
\Gin@req@height=\dimen165
\Gin@req@width=\dimen166
)
(./sphinxlatexgraphics.sty
Package: sphinxlatexgraphics 2024/08/13 v8.1.0 graphics
\spx@image@maxheight=\dimen167
\spx@image@box=\box103
) (./sphinxpackageboxes.sty
Package: sphinxpackageboxes 2024/07/01 v7.4.0 advanced colored boxes

(/usr/share/texlive/texmf-dist/tex/latex/pict2e/pict2e.sty
Package: pict2e 2020/09/30 v0.4b Improved picture commands (HjG,RN,JT)

(/usr/share/texlive/texmf-dist/tex/latex/pict2e/pict2e.cfg
File: pict2e.cfg 2016/02/05 v0.1u pict2e configuration for teTeX/TeXLive
)
Package pict2e Info: Driver file: xetex.def on input line 112.
Package pict2e Info: Driver file for pict2e: p2e-xetex.def on input line 114.

(/usr/share/texlive/texmf-dist/tex/latex/pict2e/p2e-xetex.def
File: p2e-xetex.def 2016/02/05 v0.1u Driver-dependant file (RN,HjG,JT)
)
\pIIe@GRAPH=\toks27
\@arclen=\dimen168
\@arcrad=\dimen169
\pIIe@tempdima=\dimen170
\pIIe@tempdimb=\dimen171
\pIIe@tempdimc=\dimen172
\pIIe@tempdimd=\dimen173
\pIIe@tempdime=\dimen174
\pIIe@tempdimf=\dimen175
)
(/usr/share/texlive/texmf-dist/tex/latex/ellipse/ellipse.sty
Package: ellipse 2004/11/05 v1.0 .dtx ellipse file
)
\@tempdimd=\dimen176
\spx@tempboxa=\box104
\spx@tempboxb=\box105
\spx@boxes@border@top=\dimen177
\spx@boxes@border@right=\dimen178
\spx@boxes@border@bottom=\dimen179
\spx@boxes@border@left=\dimen180
\spx@boxes@padding@top=\dimen181
\spx@boxes@padding@right=\dimen182
\spx@boxes@padding@bottom=\dimen183
\spx@boxes@padding@left=\dimen184
\spx@boxes@shadow@xoffset=\dimen185
\spx@boxes@shadow@yoffset=\dimen186
\spx@boxes@radius@topleft@x=\dimen187
\spx@boxes@radius@topright@x=\dimen188
\spx@boxes@radius@bottomright@x=\dimen189
\spx@boxes@radius@bottomleft@x=\dimen190
\spx@boxes@radius@topleft@y=\dimen191
\spx@boxes@radius@topright@y=\dimen192
\spx@boxes@radius@bottomright@y=\dimen193
\spx@boxes@radius@bottomleft@y=\dimen194
)
(./sphinxlatexadmonitions.sty
Package: sphinxlatexadmonitions 2024/10/11 v8.1.1 admonitions

(/usr/share/texlive/texmf-dist/tex/latex/framed/framed.sty
Package: framed 2011/10/22 v 0.96: framed or shaded text with page breaks
\OuterFrameSep=\skip62
\fb@frw=\dimen195
\fb@frh=\dimen196
\FrameRule=\dimen197
\FrameSep=\dimen198
)
(./sphinxpackagefootnote.sty
Package: sphinxpackagefootnote 2024/05/17 v7.3.x Sphinx custom footnotehyper pa
ckage (Sphinx team)
\FNH@notes=\box106
\FNH@toks=\toks28
\FNH@width=\dimen199
\c@sphinxfootnotemark=\count299
)
\spx@notice@border=\dimen256
\c@sphinxtodo=\count300
) (./sphinxlatexliterals.sty
Package: sphinxlatexliterals 2024/07/01 v7.4.0 code-blocks and parsed literals

(/usr/share/texlive/texmf-dist/tex/latex/fancyvrb/fancyvrb.sty
Package: fancyvrb 2024/01/20 4.5c verbatim text (tvz,hv)
\FV@CodeLineNo=\count301
\FV@InFile=\read2
\FV@TabBox=\box107
\c@FancyVerbLine=\count302
\FV@StepNumber=\count303
\FV@OutFile=\write3
)
(/usr/share/texlive/texmf-dist/tex/latex/base/alltt.sty
Package: alltt 2021/01/29 v2.0g defines alltt environment
)
(/usr/share/texlive/texmf-dist/tex/latex/upquote/upquote.sty
Package: upquote 2012/04/19 v1.3 upright-quote and grave-accent glyphs in verba
tim
)
(/usr/share/texlive/texmf-dist/tex/latex/needspace/needspace.sty
Package: needspace 2010/09/12 v1.3d reserve vertical space
)
\sphinxcontinuationbox=\box108
\sphinxvisiblespacebox=\box109
\sphinxVerbatim@TitleBox=\box110
\sphinxVerbatim@ContentsBox=\box111
)
(./sphinxlatexshadowbox.sty
Package: sphinxlatexshadowbox 2024/07/28 v8.1.0 sphinxShadowBox
) (./sphinxlatexcontainers.sty
Package: sphinxlatexcontainers 2021/05/03 containers
)
(./sphinxhighlight.sty
Package: sphinxhighlight 2022/06/30 stylesheet for highlighting with pygments
) (./sphinxlatextables.sty
Package: sphinxlatextables 2024/07/01 v7.4.0 tables

(/usr/share/texlive/texmf-dist/tex/latex/tabulary/tabulary.sty
Package: tabulary 2014/06/11 v0.10 tabulary package (DPC)

(/usr/share/texlive/texmf-dist/tex/latex/tools/array.sty
Package: array 2023/10/16 v2.5g Tabular extension package (FMi)
\col@sep=\dimen257
\ar@mcellbox=\box112
\extrarowheight=\dimen258
\NC@list=\toks29
\extratabsurround=\skip63
\backup@length=\skip64
\ar@cellbox=\box113
)
\TY@count=\count304
\TY@linewidth=\dimen259
\tymin=\dimen260
\tymax=\dimen261
\TY@tablewidth=\dimen262
)
(/usr/share/texlive/texmf-dist/tex/latex/tools/longtable.sty
Package: longtable 2023-11-01 v4.19 Multi-page Table package (DPC)
\LTleft=\skip65
\LTright=\skip66
\LTpre=\skip67
\LTpost=\skip68
\LTchunksize=\count305
\LTcapwidth=\dimen263
\LT@head=\box114
\LT@firsthead=\box115
\LT@foot=\box116
\LT@lastfoot=\box117
\LT@gbox=\box118
\LT@cols=\count306
\LT@rows=\count307
\c@LT@tables=\count308
\c@LT@chunks=\count309
\LT@p@ftn=\toks30
)
(/usr/share/texlive/texmf-dist/tex/latex/varwidth/varwidth.sty
Package: varwidth 2009/03/30 ver 0.92;  Variable-width minipages
\@vwid@box=\box119
\sift@deathcycles=\count310
\@vwid@loff=\dimen264
\@vwid@roff=\dimen265
)
\sphinx@TY@tablewidth=\dimen266

(/usr/share/texlive/texmf-dist/tex/latex/colortbl/colortbl.sty
Package: colortbl 2022/06/20 v1.0f Color table columns (DPC)
\everycr=\toks31
\minrowclearance=\skip69
\rownum=\count311
)
(/usr/share/texlive/texmf-dist/tex/latex/booktabs/booktabs.sty
Package: booktabs 2020/01/12 v1.61803398 Publication quality tables
\heavyrulewidth=\dimen267
\lightrulewidth=\dimen268
\cmidrulewidth=\dimen269
\belowrulesep=\dimen270
\belowbottomsep=\dimen271
\aboverulesep=\dimen272
\abovetopsep=\dimen273
\cmidrulesep=\dimen274
\cmidrulekern=\dimen275
\defaultaddspace=\dimen276
\@cmidla=\count312
\@cmidlb=\count313
\@aboverulesep=\dimen277
\@belowrulesep=\dimen278
\@thisruleclass=\count314
\@lastruleclass=\count315
\@thisrulewidth=\dimen279
))
(./sphinxlatexnumfig.sty
Package: sphinxlatexnumfig 2024/07/31 v8.1.0 numbering
) (./sphinxlatexlists.sty
Package: sphinxlatexlists 2021/12/20 lists
\spx@lineitemlabel=\toks32
)
\c@sphinxscope=\count316
 (./sphinxlatexindbibtoc.sty
Package: sphinxlatexindbibtoc 2021/01/27 index, bib., toc

(/usr/share/texlive/texmf-dist/tex/latex/base/makeidx.sty
Package: makeidx 2021/10/04 v1.0m Standard LaTeX package
))
(./sphinxlatexstylepage.sty
Package: sphinxlatexstylepage 2021/01/27 page styling

(/usr/share/texlive/texmf-dist/tex/latex/parskip/parskip.sty
Package: parskip 2021-03-14 v2.0h non-zero parskip adjustments
)
(/usr/share/texlive/texmf-dist/tex/latex/fancyhdr/fancyhdr.sty
Package: fancyhdr 2022/11/09 v4.1 Extensive control of page headers and footers

\f@nch@headwidth=\skip70
\f@nch@O@elh=\skip71
\f@nch@O@erh=\skip72
\f@nch@O@olh=\skip73
\f@nch@O@orh=\skip74
\f@nch@O@elf=\skip75
\f@nch@O@erf=\skip76
\f@nch@O@olf=\skip77
\f@nch@O@orf=\skip78
))
(./sphinxlatexstyleheadings.sty
Package: sphinxlatexstyleheadings 2023/02/11 headings

(/usr/share/texlive/texmf-dist/tex/latex/titlesec/titlesec.sty
Package: titlesec 2023/10/27 v2.16 Sectioning titles
\ttl@box=\box120
\beforetitleunit=\skip79
\aftertitleunit=\skip80
\ttl@plus=\dimen280
\ttl@minus=\dimen281
\ttl@toksa=\toks33
\titlewidth=\dimen282
\titlewidthlast=\dimen283
\titlewidthfirst=\dimen284
))
(./sphinxlatexstyletext.sty
Package: sphinxlatexstyletext 2024/07/28 v8.1.0 text styling
) (./sphinxlatexobjects.sty
Package: sphinxlatexobjects 2023/07/23 documentation environments
\sphinxsignaturesep=\skip81
\sphinxsignaturelistskip=\skip82
\py@argswidth=\skip83
\lineblockindentation=\skip84
\DUlineblockindent=\skip85
))
(/usr/share/texlive/texmf-dist/tex/latex/geometry/geometry.sty
Package: geometry 2020/01/02 v5.9 Page Geometry

(/usr/share/texlive/texmf-dist/tex/generic/iftex/ifvtex.sty
Package: ifvtex 2019/10/25 v1.7 ifvtex legacy package. Use iftex instead.
)
\Gm@cnth=\count317
\Gm@cntv=\count318
\c@Gm@tempcnt=\count319
\Gm@bindingoffset=\dimen285
\Gm@wd@mp=\dimen286
\Gm@odd@mp=\dimen287
\Gm@even@mp=\dimen288
\Gm@layoutwidth=\dimen289
\Gm@layoutheight=\dimen290
\Gm@layouthoffset=\dimen291
\Gm@layoutvoffset=\dimen292
\Gm@dimlist=\toks34
)
(/usr/share/texlive/texmf-dist/tex/latex/hyperref/hyperref.sty
Package: hyperref 2024-01-20 v7.01h Hypertext links for LaTeX

(/usr/share/texlive/texmf-dist/tex/generic/kvdefinekeys/kvdefinekeys.sty
Package: kvdefinekeys 2019-12-19 v1.6 Define keys (HO)
)
(/usr/share/texlive/texmf-dist/tex/generic/pdfescape/pdfescape.sty
Package: pdfescape 2019/12/09 v1.15 Implements pdfTeX's escape features (HO)

(/usr/share/texlive/texmf-dist/tex/generic/pdftexcmds/pdftexcmds.sty
Package: pdftexcmds 2020-06-27 v0.33 Utility functions of pdfTeX for LuaTeX (HO
)

(/usr/share/texlive/texmf-dist/tex/generic/infwarerr/infwarerr.sty
Package: infwarerr 2019/12/03 v1.5 Providing info/warning/error messages (HO)
)
Package pdftexcmds Info: \pdf@primitive is available.
Package pdftexcmds Info: \pdf@ifprimitive is available.
Package pdftexcmds Info: \pdfdraftmode not found.
))
(/usr/share/texlive/texmf-dist/tex/latex/hycolor/hycolor.sty
Package: hycolor 2020-01-27 v1.10 Color options for hyperref/bookmark (HO)
)
(/usr/share/texlive/texmf-dist/tex/latex/auxhook/auxhook.sty
Package: auxhook 2019-12-17 v1.6 Hooks for auxiliary files (HO)
)
(/usr/share/texlive/texmf-dist/tex/latex/hyperref/nameref.sty
Package: nameref 2023-11-26 v2.56 Cross-referencing by name of section

(/usr/share/texlive/texmf-dist/tex/latex/refcount/refcount.sty
Package: refcount 2019/12/15 v3.6 Data extraction from label references (HO)
)
(/usr/share/texlive/texmf-dist/tex/generic/gettitlestring/gettitlestring.sty
Package: gettitlestring 2019/12/15 v1.6 Cleanup title references (HO)
)
\c@section@level=\count320
)
\@linkdim=\dimen293
\Hy@linkcounter=\count321
\Hy@pagecounter=\count322

(/usr/share/texlive/texmf-dist/tex/latex/hyperref/pd1enc.def
File: pd1enc.def 2024-01-20 v7.01h Hyperref: PDFDocEncoding definition (HO)
)
(/usr/share/texlive/texmf-dist/tex/generic/intcalc/intcalc.sty
Package: intcalc 2019/12/15 v1.3 Expandable calculations with integers (HO)
)
\Hy@SavedSpaceFactor=\count323

(/usr/share/texlive/texmf-dist/tex/latex/hyperref/puenc.def
File: puenc.def 2024-01-20 v7.01h Hyperref: PDF Unicode definition (HO)
)
Package hyperref Info: Option `unicode' set `true' on input line 4062.
Package hyperref Info: Option `colorlinks' set `true' on input line 4062.
Package hyperref Info: Option `breaklinks' set `true' on input line 4062.
Package hyperref Info: Hyper figures OFF on input line 4179.
Package hyperref Info: Link nesting OFF on input line 4184.
Package hyperref Info: Hyper index ON on input line 4187.
Package hyperref Info: Plain pages OFF on input line 4194.
Package hyperref Info: Backreferencing OFF on input line 4199.
Package hyperref Info: Implicit mode ON; LaTeX internals redefined.
Package hyperref Info: Bookmarks ON on input line 4446.
\c@Hy@tempcnt=\count324

(/usr/share/texlive/texmf-dist/tex/latex/url/url.sty
\Urlmuskip=\muskip17
Package: url 2013/09/16  ver 3.4  Verb mode for urls, etc.
)
LaTeX Info: Redefining \url on input line 4784.
\XeTeXLinkMargin=\dimen294

(/usr/share/texlive/texmf-dist/tex/generic/bitset/bitset.sty
Package: bitset 2019/12/09 v1.3 Handle bit-vector datatype (HO)

(/usr/share/texlive/texmf-dist/tex/generic/bigintcalc/bigintcalc.sty
Package: bigintcalc 2019/12/15 v1.5 Expandable calculations on big integers (HO
)
))
\Fld@menulength=\count325
\Field@Width=\dimen295
\Fld@charsize=\dimen296
Package hyperref Info: Hyper figures OFF on input line 6063.
Package hyperref Info: Link nesting OFF on input line 6068.
Package hyperref Info: Hyper index ON on input line 6071.
Package hyperref Info: backreferencing OFF on input line 6078.
Package hyperref Info: Link coloring ON on input line 6081.
Package hyperref Info: Link coloring with OCG OFF on input line 6088.
Package hyperref Info: PDF/A mode OFF on input line 6093.

(/usr/share/texlive/texmf-dist/tex/latex/base/atbegshi-ltx.sty
Package: atbegshi-ltx 2021/01/10 v1.0c Emulation of the original atbegshi
package with kernel methods
)
\Hy@abspage=\count326
\c@Item=\count327
\c@Hfootnote=\count328
)
Package hyperref Info: Driver (autodetected): hxetex.

(/usr/share/texlive/texmf-dist/tex/latex/hyperref/hxetex.def
File: hxetex.def 2024-01-20 v7.01h Hyperref driver for XeTeX

(/usr/share/texlive/texmf-dist/tex/generic/stringenc/stringenc.sty
Package: stringenc 2019/11/29 v1.12 Convert strings between diff. encodings (HO
)
)
\pdfm@box=\box121
\c@Hy@AnnotLevel=\count329
\HyField@AnnotCount=\count330
\Fld@listcount=\count331
\c@bookmark@seq@number=\count332

(/usr/share/texlive/texmf-dist/tex/latex/rerunfilecheck/rerunfilecheck.sty
Package: rerunfilecheck 2022-07-10 v1.10 Rerun checks for auxiliary files (HO)

(/usr/share/texlive/texmf-dist/tex/latex/base/atveryend-ltx.sty
Package: atveryend-ltx 2020/08/19 v1.0a Emulation of the original atveryend pac
kage
with kernel methods
)
(/usr/share/texlive/texmf-dist/tex/generic/uniquecounter/uniquecounter.sty
Package: uniquecounter 2019/12/15 v1.4 Provide unlimited unique counter (HO)
)
Package uniquecounter Info: New unique counter `rerunfilecheck' on input line 2
85.
)
\Hy@SectionHShift=\skip86
)
(/usr/share/texlive/texmf-dist/tex/latex/oberdiek/hypcap.sty
Package: hypcap 2016/05/16 v1.12 Adjusting the anchors of captions (HO)

(/usr/share/texlive/texmf-dist/tex/latex/letltxmacro/letltxmacro.sty
Package: letltxmacro 2019/12/03 v1.6 Let assignment for LaTeX macros (HO)
))
(./sphinxmessages.sty
Package: sphinxmessages 2019/01/04 v2.0 Localized LaTeX macros (Sphinx team)
)
(/usr/share/texlive/texmf-dist/tex/latex/enumitem/enumitem.sty
Package: enumitem 2019/06/20 v3.9 Customized lists
\enitkv@toks@=\toks35
\labelindent=\skip87
\enit@outerparindent=\dimen297
\enit@toks=\toks36
\enit@inbox=\box122
\enit@count@id=\count333
\enitdp@description=\count334
)
\@indexfile=\write4
\openout4 = `DSA.idx'.


Writing index file DSA.idx

LaTeX Warning: Unused global option(s):
    [lithuanian].

(./DSA.aux)
\openout1 = `DSA.aux'.

LaTeX Font Info:    Checking defaults for OML/cmm/m/it on input line 63.
LaTeX Font Info:    ... okay on input line 63.
LaTeX Font Info:    Checking defaults for OMS/cmsy/m/n on input line 63.
LaTeX Font Info:    ... okay on input line 63.
LaTeX Font Info:    Checking defaults for OT1/cmr/m/n on input line 63.
LaTeX Font Info:    ... okay on input line 63.
LaTeX Font Info:    Checking defaults for T1/cmr/m/n on input line 63.
LaTeX Font Info:    ... okay on input line 63.
LaTeX Font Info:    Checking defaults for TS1/cmr/m/n on input line 63.
LaTeX Font Info:    Trying to load font information for TS1+cmr on input line 6
3.
 (/usr/share/texlive/texmf-dist/tex/latex/base/ts1cmr.fd
File: ts1cmr.fd 2023/04/13 v2.5m Standard LaTeX font definitions
)
LaTeX Font Info:    ... okay on input line 63.
LaTeX Font Info:    Checking defaults for TU/lmr/m/n on input line 63.
LaTeX Font Info:    ... okay on input line 63.
LaTeX Font Info:    Checking defaults for OMX/cmex/m/n on input line 63.
LaTeX Font Info:    ... okay on input line 63.
LaTeX Font Info:    Checking defaults for U/cmr/m/n on input line 63.
LaTeX Font Info:    ... okay on input line 63.
LaTeX Font Info:    Checking defaults for PD1/pdf/m/n on input line 63.
LaTeX Font Info:    ... okay on input line 63.
LaTeX Font Info:    Checking defaults for PU/pdf/m/n on input line 63.
LaTeX Font Info:    ... okay on input line 63.

Package fontspec Info: Adjusting the maths setup (use [no-math] to avoid
(fontspec)             this).

\symlegacymaths=\mathgroup6
LaTeX Font Info:    Overwriting symbol font `legacymaths' in version `bold'
(Font)                  OT1/cmr/m/n --> OT1/cmr/bx/n on input line 63.
LaTeX Font Info:    Redeclaring math accent \acute on input line 63.
LaTeX Font Info:    Redeclaring math accent \grave on input line 63.
LaTeX Font Info:    Redeclaring math accent \ddot on input line 63.
LaTeX Font Info:    Redeclaring math accent \tilde on input line 63.
LaTeX Font Info:    Redeclaring math accent \bar on input line 63.
LaTeX Font Info:    Redeclaring math accent \breve on input line 63.
LaTeX Font Info:    Redeclaring math accent \check on input line 63.
LaTeX Font Info:    Redeclaring math accent \hat on input line 63.
LaTeX Font Info:    Redeclaring math accent \dot on input line 63.
LaTeX Font Info:    Redeclaring math accent \mathring on input line 63.
LaTeX Font Info:    Redeclaring math symbol \Gamma on input line 63.
LaTeX Font Info:    Redeclaring math symbol \Delta on input line 63.
LaTeX Font Info:    Redeclaring math symbol \Theta on input line 63.
LaTeX Font Info:    Redeclaring math symbol \Lambda on input line 63.
LaTeX Font Info:    Redeclaring math symbol \Xi on input line 63.
LaTeX Font Info:    Redeclaring math symbol \Pi on input line 63.
LaTeX Font Info:    Redeclaring math symbol \Sigma on input line 63.
LaTeX Font Info:    Redeclaring math symbol \Upsilon on input line 63.
LaTeX Font Info:    Redeclaring math symbol \Phi on input line 63.
LaTeX Font Info:    Redeclaring math symbol \Psi on input line 63.
LaTeX Font Info:    Redeclaring math symbol \Omega on input line 63.
LaTeX Font Info:    Redeclaring math symbol \mathdollar on input line 63.
LaTeX Font Info:    Redeclaring symbol font `operators' on input line 63.
LaTeX Font Info:    Encoding `OT1' has changed to `TU' for symbol font
(Font)              `operators' in the math version `normal' on input line 63.
LaTeX Font Info:    Overwriting symbol font `operators' in version `normal'
(Font)                  OT1/cmr/m/n --> TU/DejaVuSerif(0)/m/n on input line 63.

LaTeX Font Info:    Encoding `OT1' has changed to `TU' for symbol font
(Font)              `operators' in the math version `bold' on input line 63.
LaTeX Font Info:    Overwriting symbol font `operators' in version `bold'
(Font)                  OT1/cmr/bx/n --> TU/DejaVuSerif(0)/m/n on input line 63
.
LaTeX Font Info:    Overwriting symbol font `operators' in version `normal'
(Font)                  TU/DejaVuSerif(0)/m/n --> TU/DejaVuSerif(0)/m/n on inpu
t line 63.
LaTeX Font Info:    Overwriting math alphabet `\mathit' in version `normal'
(Font)                  OT1/cmr/m/it --> TU/DejaVuSerif(0)/m/it on input line 6
3.
LaTeX Font Info:    Overwriting math alphabet `\mathbf' in version `normal'
(Font)                  OT1/cmr/bx/n --> TU/DejaVuSerif(0)/b/n on input line 63
.
LaTeX Font Info:    Overwriting math alphabet `\mathsf' in version `normal'
(Font)                  OT1/cmss/m/n --> TU/DejaVuSans(0)/m/n on input line 63.

LaTeX Font Info:    Overwriting math alphabet `\mathtt' in version `normal'
(Font)                  OT1/cmtt/m/n --> TU/DejaVuSansMono(0)/m/n on input line
 63.
LaTeX Font Info:    Overwriting symbol font `operators' in version `bold'
(Font)                  TU/DejaVuSerif(0)/m/n --> TU/DejaVuSerif(0)/b/n on inpu
t line 63.
LaTeX Font Info:    Overwriting math alphabet `\mathit' in version `bold'
(Font)                  OT1/cmr/bx/it --> TU/DejaVuSerif(0)/b/it on input line 
63.
LaTeX Font Info:    Overwriting math alphabet `\mathsf' in version `bold'
(Font)                  OT1/cmss/bx/n --> TU/DejaVuSans(0)/b/n on input line 63
.
LaTeX Font Info:    Overwriting math alphabet `\mathtt' in version `bold'
(Font)                  OT1/cmtt/m/n --> TU/DejaVuSansMono(0)/b/n on input line
 63.
\c@literalblock=\count335

*geometry* driver: auto-detecting
*geometry* detected driver: xetex
*geometry* verbose mode - [ preamble ] result:
* driver: xetex
* paper: letterpaper
* layout: <same size as paper>
* layoutoffset:(h,v)=(0.0pt,0.0pt)
* modes: twoside 
* h-part:(L,W,R)=(72.26999pt, 469.75502pt, 72.26999pt)
* v-part:(T,H,B)=(72.26999pt, 650.43001pt, 72.26999pt)
* \paperwidth=614.295pt
* \paperheight=794.96999pt
* \textwidth=469.75502pt
* \textheight=650.43001pt
* \oddsidemargin=0.0pt
* \evensidemargin=0.0pt
* \topmargin=-37.0pt
* \headheight=12.0pt
* \headsep=25.0pt
* \topskip=10.0pt
* \footskip=30.0pt
* \marginparwidth=36.135pt
* \marginparsep=11.0pt
* \columnsep=10.0pt
* \skip\footins=9.0pt plus 4.0pt minus 2.0pt
* \hoffset=0.0pt
* \voffset=0.0pt
* \mag=1000
* \@twocolumnfalse
* \@twosidetrue
* \@mparswitchtrue
* \@reversemarginfalse
* (1in=72.27pt=25.4mm, 1cm=28.453pt)

Package hyperref Info: Link coloring ON on input line 63.
(./DSA.out) (./DSA.out)
\@outlinefile=\write5
\openout5 = `DSA.out'.

LaTeX Info: Redefining \rmfamily on input line 63.
LaTeX Info: Redefining \sffamily on input line 63.
LaTeX Info: Redefining \ttfamily on input line 63.
Package hyperref Info: Option `pageanchor' set `false' on input line 66.
LaTeX Font Info:    Trying to load font information for U+msa on input line 66.


(/usr/share/texlive/texmf-dist/tex/latex/amsfonts/umsa.fd
File: umsa.fd 2013/01/14 v3.01 AMS symbols A
)
LaTeX Font Info:    Trying to load font information for U+msb on input line 66.


(/usr/share/texlive/texmf-dist/tex/latex/amsfonts/umsb.fd
File: umsb.fd 2013/01/14 v3.01 AMS symbols B
) [1

] [2


] (./DSA.toc
LaTeX Info: Redefining \rmfamily on input line 2.
LaTeX Info: Redefining \sffamily on input line 2.
LaTeX Info: Redefining \ttfamily on input line 2.

Overfull \hbox (3.58688pt too wide) detected at line 125
 []\TU/DejaVuSerif(0)/m/n/10 100
 []


Overfull \hbox (3.58688pt too wide) detected at line 126
 []\TU/DejaVuSerif(0)/m/n/10 100
 []


Overfull \hbox (3.58688pt too wide) detected at line 159
 []\TU/DejaVuSerif(0)/m/n/10 115
 []


Overfull \hbox (3.58688pt too wide) detected at line 165
 []\TU/DejaVuSerif(0)/m/n/10 122
 []


Overfull \hbox (3.58688pt too wide) detected at line 167
 []\TU/DejaVuSerif(0)/m/n/10 123
 []


Overfull \hbox (3.58688pt too wide) detected at line 169
 []\TU/DejaVuSerif(0)/m/n/10 127
 []


Overfull \hbox (3.58688pt too wide) detected at line 184
 []\TU/DejaVuSerif(0)/m/n/10 144
 []


Overfull \hbox (3.58688pt too wide) detected at line 185
 []\TU/DejaVuSerif(0)/m/n/10 154
 []

)
\tf@toc=\write6
\openout6 = `DSA.toc'.

 [1

] [2

]
File: dsa_overview.png Graphic file (type bmp)
<dsa_overview.png>
 [1] [2]
Skyrius 1.
[3

] [4

]
Skyrius 2.

Underfull \hbox (badness 10000) in paragraph at lines 442--442
[]\TU/DejaVuSerif(0)/m/n/10 pavadini-
 []


Underfull \hbox (badness 10000) in paragraph at lines 442--442
[]\TU/DejaVuSerif(0)/m/n/10 "SAVIVALDY-
 []


Underfull \hbox (badness 10000) in paragraph at lines 442--442
[]\TU/DejaVuSerif(0)/m/n/10 pavadini-
 []


Underfull \hbox (badness 10000) in paragraph at lines 442--442
[]\TU/DejaVuSerif(0)/b/n/10 Savivaldy-
 []


Underfull \hbox (badness 10000) in paragraph at lines 442--442
[]\TU/DejaVuSerif(0)/b/n/10 Administraci-
 []


Underfull \hbox (badness 10000) in paragraph at lines 442--442
[]\TU/DejaVuSerif(0)/m/n/10 pavadini-
 []


Underfull \hbox (badness 10000) in paragraph at lines 442--442
[]\TU/DejaVuSerif(0)/b/n/10 Administraci-
 []


Underfull \hbox (badness 10000) in paragraph at lines 442--442
[]\TU/DejaVuSerif(0)/m/n/10 pavadini-
 []


Underfull \hbox (badness 10000) in paragraph at lines 442--442
[]\TU/DejaVuSerif(0)/m/n/10 "SAVIVALDY-
 []

[5] [6] [7]
File: modelis.png Graphic file (type bmp)
<modelis.png>
 [8] [9] [10] [11]
File: struktura.png Graphic file (type bmp)
<struktura.png>
 [12] [13] [14] [15] [16] [17] [18] [19] [20]
[21]
Overfull \hbox (4.99512pt too wide) in paragraph at lines 2363--2363
[]\TU/DejaVuSansMono(0)/m/n/10 json| 
 []


Overfull \hbox (4.99512pt too wide) in paragraph at lines 2363--2363
[]\TU/DejaVuSansMono(0)/m/n/10 from| 
 []


Underfull \hbox (badness 10000) in paragraph at lines 2363--2363
[]\TU/DejaVuSerif(0)/m/n/10 Duomenys perduodami \TU/DejaVuSansMono(0)/m/n/10 ap
plication/x[]www[]form[]urlencoded \TU/DejaVuSerif(0)/m/n/10 arba
 []

[22] [23] [24]
Overfull \vbox (267.30818pt too high) detected at line 3046
 []

[25] [26]
Underfull \vbox (badness 2538) detected at line 3402
 []


Overfull \vbox (165.08806pt too high) detected at line 3402
 []

[27] [28] [29]
Underfull \hbox (badness 10000) in paragraph at lines 4126--4126
[]\TU/DejaVuSans(0)/m/n/10 proper-
 []


Underfull \hbox (badness 10000) in paragraph at lines 4126--4126
[]\TU/DejaVuSerif(0)/m/n/10 pre-
 []


Overfull \hbox (10.92998pt too wide) in paragraph at lines 4126--4126
[]\TU/DejaVuSerif(0)/m/n/10 https://github.com/atviriduomenys/spinta/issues/| 
 []


Underfull \hbox (badness 10000) in paragraph at lines 4126--4126
[]\TU/DejaVuSerif(0)/m/n/10 pre-
 []


Underfull \hbox (badness 10000) in paragraph at lines 4126--4126
[]\TU/DejaVuSerif(0)/m/n/10 dcty-
 []

[30]
Underfull \hbox (badness 10000) in paragraph at lines 4344--4344
[]\TU/DejaVuSans(0)/m/n/10 pro-
 []


Underfull \hbox (badness 10000) in paragraph at lines 4344--4344
\TU/DejaVuSans(0)/m/n/10 per-
 []


Underfull \hbox (badness 10000) in paragraph at lines 4344--4344
[]\TU/DejaVuSans(0)/m/n/10 ty-
 []


Overfull \hbox (1.59953pt too wide) in paragraph at lines 4344--4344
[]\TU/DejaVuSans(0)/m/n/10 sour-
 []


Overfull \hbox (3.0198pt too wide) in paragraph at lines 4344--4344
[]\TU/DejaVuSans(0)/m/n/10 prep-
 []


Underfull \hbox (badness 10000) in paragraph at lines 4344--4344
[]\TU/DejaVuSans(0)/m/n/10 le-
 []


Underfull \hbox (badness 10000) in paragraph at lines 4344--4344
[]\TU/DejaVuSans(0)/m/n/10 ac-
 []


Overfull \hbox (2.9834pt too wide) in paragraph at lines 4344--4344
\TU/DejaVuSans(0)/m/n/10 cess| 
 []


Underfull \hbox (badness 10000) in paragraph at lines 4344--4344
[]\TU/DejaVuSans(0)/m/n/10 tit-
 []


Underfull \hbox (badness 10000) in paragraph at lines 4344--4344
[]\TU/DejaVuSans(0)/m/n/10 desc-
 []


Underfull \hbox (badness 10000) in paragraph at lines 4344--4344
\TU/DejaVuSans(0)/m/n/10 rip-
 []


Underfull \hbox (badness 10000) in paragraph at lines 4344--4344
[]\TU/DejaVuSerif(0)/m/n/10 sqli-
 []


Overfull \hbox (0.82317pt too wide) in paragraph at lines 4344--4344
[]\TU/DejaVuSerif(0)/m/n/10 PLA-
 []


Underfull \hbox (badness 10000) in paragraph at lines 4344--4344
[]\TU/DejaVuSerif(0)/m/n/10 in-
 []


Underfull \hbox (badness 10000) in paragraph at lines 4344--4344
\TU/DejaVuSerif(0)/m/n/10 te-
 []


Overfull \hbox (5.69336pt too wide) in paragraph at lines 4344--4344
[]\TU/DejaVuSerif(0)/m/n/10 open| 
 []


Overfull \hbox (9.94608pt too wide) in paragraph at lines 4344--4344
[]\TU/DejaVuSerif(0)/m/n/10 string| 
 []


Underfull \hbox (badness 10000) in paragraph at lines 4344--4344
[]\TU/DejaVuSerif(0)/m/n/10 CO-
 []


Overfull \hbox (5.69336pt too wide) in paragraph at lines 4344--4344
[]\TU/DejaVuSerif(0)/m/n/10 open| 
 []


Overfull \hbox (8.25662pt too wide) in paragraph at lines 4344--4344
[]\TU/DejaVuSerif(0)/m/n/10 enum| 
 []


Underfull \hbox (badness 10000) in paragraph at lines 4344--4344
[]\TU/DejaVuSerif(0)/m/n/10 "ci-
 []


Underfull \hbox (badness 10000) in paragraph at lines 4344--4344
[]\TU/DejaVuSerif(0)/m/n/10 Ci-
 []


Overfull \hbox (10.91043pt too wide) in paragraph at lines 4344--4344
[]\TU/DejaVuSerif(0)/m/n/10 "town"| 
 []


Overfull \hbox (7.82715pt too wide) in paragraph at lines 4344--4344
[]\TU/DejaVuSerif(0)/m/n/10 Town| 
 []


Underfull \hbox (badness 10000) in paragraph at lines 4344--4344
[]\TU/DejaVuSerif(0)/m/n/10 "vil-
 []


Underfull \hbox (badness 10000) in paragraph at lines 4344--4344
\TU/DejaVuSerif(0)/m/n/10 la-
 []


Underfull \hbox (badness 10000) in paragraph at lines 4344--4344
[]\TU/DejaVuSerif(0)/m/n/10 Vil-
 []


Underfull \hbox (badness 10000) in paragraph at lines 4344--4344
\TU/DejaVuSerif(0)/m/n/10 la-
 []


Underfull \hbox (badness 10000) in paragraph at lines 4344--4344
[]\TU/DejaVuSerif(0)/m/n/10 na-
 []


Overfull \hbox (9.94608pt too wide) in paragraph at lines 4344--4344
[]\TU/DejaVuSerif(0)/m/n/10 string| 
 []


Underfull \hbox (badness 10000) in paragraph at lines 4344--4344
[]\TU/DejaVuSerif(0)/m/n/10 NA-
 []


Overfull \hbox (5.69336pt too wide) in paragraph at lines 4344--4344
[]\TU/DejaVuSerif(0)/m/n/10 open| 
 []

[31]
Underfull \hbox (badness 10000) in paragraph at lines 4561--4561
[]\TU/DejaVuSans(0)/m/n/10 pro-
 []


Underfull \hbox (badness 10000) in paragraph at lines 4561--4561
\TU/DejaVuSans(0)/m/n/10 per-
 []


Underfull \hbox (badness 10000) in paragraph at lines 4561--4561
[]\TU/DejaVuSans(0)/m/n/10 ty-
 []


Overfull \hbox (2.66296pt too wide) in paragraph at lines 4561--4561
[]\TU/DejaVuSans(0)/m/n/10 sour-
 []


Overfull \hbox (4.09157pt too wide) in paragraph at lines 4561--4561
[]\TU/DejaVuSans(0)/m/n/10 prep-
 []


Underfull \hbox (badness 10000) in paragraph at lines 4561--4561
[]\TU/DejaVuSans(0)/m/n/10 le-
 []


Underfull \hbox (badness 10000) in paragraph at lines 4561--4561
[]\TU/DejaVuSans(0)/m/n/10 ac-
 []


Overfull \hbox (2.9834pt too wide) in paragraph at lines 4561--4561
\TU/DejaVuSans(0)/m/n/10 cess| 
 []


Underfull \hbox (badness 10000) in paragraph at lines 4561--4561
[]\TU/DejaVuSans(0)/m/n/10 tit-
 []


Underfull \hbox (badness 10000) in paragraph at lines 4561--4561
[]\TU/DejaVuSans(0)/m/n/10 desc-
 []


Underfull \hbox (badness 10000) in paragraph at lines 4561--4561
\TU/DejaVuSans(0)/m/n/10 rip-
 []


Overfull \hbox (9.17662pt too wide) in paragraph at lines 4561--4561
[]\TU/DejaVuSerif(0)/m/n/10 enum| 
 []


Underfull \hbox (badness 10000) in paragraph at lines 4561--4561
[]\TU/DejaVuSerif(0)/m/n/10 pla-
 []


Underfull \hbox (badness 10000) in paragraph at lines 4561--4561
[]\TU/DejaVuSerif(0)/m/n/10 "ci-
 []


Underfull \hbox (badness 10000) in paragraph at lines 4561--4561
[]\TU/DejaVuSerif(0)/m/n/10 Ci-
 []


Overfull \hbox (11.9822pt too wide) in paragraph at lines 4561--4561
[]\TU/DejaVuSerif(0)/m/n/10 "town"| 
 []


Overfull \hbox (7.82715pt too wide) in paragraph at lines 4561--4561
[]\TU/DejaVuSerif(0)/m/n/10 Town| 
 []


Underfull \hbox (badness 10000) in paragraph at lines 4561--4561
[]\TU/DejaVuSerif(0)/m/n/10 "vil-
 []


Underfull \hbox (badness 10000) in paragraph at lines 4561--4561
\TU/DejaVuSerif(0)/m/n/10 la-
 []


Underfull \hbox (badness 10000) in paragraph at lines 4561--4561
[]\TU/DejaVuSerif(0)/m/n/10 Vil-
 []


Underfull \hbox (badness 10000) in paragraph at lines 4561--4561
\TU/DejaVuSerif(0)/m/n/10 la-
 []


Underfull \hbox (badness 10000) in paragraph at lines 4561--4561
[]\TU/DejaVuSerif(0)/m/n/10 sqli-
 []


Overfull \hbox (1.8866pt too wide) in paragraph at lines 4561--4561
[]\TU/DejaVuSerif(0)/m/n/10 PLA-
 []


Underfull \hbox (badness 10000) in paragraph at lines 4561--4561
[]\TU/DejaVuSerif(0)/m/n/10 in-
 []


Underfull \hbox (badness 10000) in paragraph at lines 4561--4561
\TU/DejaVuSerif(0)/m/n/10 te-
 []


Overfull \hbox (5.69336pt too wide) in paragraph at lines 4561--4561
[]\TU/DejaVuSerif(0)/m/n/10 open| 
 []


Overfull \hbox (10.86607pt too wide) in paragraph at lines 4561--4561
[]\TU/DejaVuSerif(0)/m/n/10 string| 
 []


Underfull \hbox (badness 10000) in paragraph at lines 4561--4561
[]\TU/DejaVuSerif(0)/m/n/10 pla-
 []


Underfull \hbox (badness 10000) in paragraph at lines 4561--4561
[]\TU/DejaVuSerif(0)/m/n/10 CO-
 []


Overfull \hbox (5.69336pt too wide) in paragraph at lines 4561--4561
[]\TU/DejaVuSerif(0)/m/n/10 open| 
 []


Underfull \hbox (badness 10000) in paragraph at lines 4561--4561
[]\TU/DejaVuSerif(0)/m/n/10 na-
 []


Overfull \hbox (10.86607pt too wide) in paragraph at lines 4561--4561
[]\TU/DejaVuSerif(0)/m/n/10 string| 
 []


Underfull \hbox (badness 10000) in paragraph at lines 4561--4561
[]\TU/DejaVuSerif(0)/m/n/10 NA-
 []


Overfull \hbox (5.69336pt too wide) in paragraph at lines 4561--4561
[]\TU/DejaVuSerif(0)/m/n/10 open| 
 []

[32]
Underfull \hbox (badness 10000) in paragraph at lines 4861--4861
[]\TU/DejaVuSans(0)/m/n/10 proper-
 []


Overfull \hbox (16.827pt too wide) in paragraph at lines 4861--4861
[]\TU/DejaVuSerif(0)/m/n/10 https://example.com/{}.csv| 
 []


Overfull \hbox (1.33995pt too wide) in paragraph at lines 4861--4861
[]\TU/DejaVuSerif(0)/m/n/10 string| 
 []


Overfull \hbox (1.33995pt too wide) in paragraph at lines 4861--4861
[]\TU/DejaVuSerif(0)/m/n/10 string| 
 []


Underfull \hbox (badness 10000) in paragraph at lines 4861--4861
[]\TU/DejaVuSerif(0)/m/n/10 country,
 []


Underfull \hbox (badness 10000) in paragraph at lines 4861--4861
[]\TU/DejaVuSerif(0)/m/n/10 pa-
 []


Underfull \hbox (badness 10000) in paragraph at lines 4861--4861
[]\TU/DejaVuSerif(0)/m/n/10 re-
 []


Underfull \hbox (badness 10000) in paragraph at lines 4861--4861
[]\TU/DejaVuSerif(0)/m/n/10 count-
 []


Overfull \hbox (1.33995pt too wide) in paragraph at lines 4861--4861
[]\TU/DejaVuSerif(0)/m/n/10 string| 
 []

[33]
Underfull \hbox (badness 10000) in paragraph at lines 5109--5109
[]\TU/DejaVuSans(0)/m/n/10 data-
 []


Underfull \hbox (badness 10000) in paragraph at lines 5109--5109
[]\TU/DejaVuSans(0)/m/n/10 re-
 []


Underfull \hbox (badness 10000) in paragraph at lines 5109--5109
[]\TU/DejaVuSans(0)/m/n/10 mo-
 []


Underfull \hbox (badness 10000) in paragraph at lines 5109--5109
[]\TU/DejaVuSans(0)/m/n/10 pro-
 []


Overfull \hbox (29.48848pt too wide) in paragraph at lines 5109--5109
[]\TU/DejaVuSerif(0)/m/n/10 https://example.com/{}.csv| 
 []


Overfull \hbox (4.31749pt too wide) in paragraph at lines 5109--5109
[]\TU/DejaVuSerif(0)/m/n/10 string| 
 []


Overfull \hbox (4.31749pt too wide) in paragraph at lines 5109--5109
[]\TU/DejaVuSerif(0)/m/n/10 string| 
 []


Underfull \hbox (badness 10000) in paragraph at lines 5109--5109
[]\TU/DejaVuSerif(0)/m/n/10 country,
 []


Underfull \hbox (badness 10000) in paragraph at lines 5109--5109
[]\TU/DejaVuSerif(0)/m/n/10 pa-
 []


Underfull \hbox (badness 10000) in paragraph at lines 5109--5109
[]\TU/DejaVuSerif(0)/m/n/10 count-
 []


Underfull \hbox (badness 10000) in paragraph at lines 5109--5109
[]\TU/DejaVuSansMono(0)/m/n/10 pa-
 []


Overfull \hbox (5.89522pt too wide) in paragraph at lines 5109--5109
\TU/DejaVuSansMono(0)/m/n/10 ram(country)| 
 []


Overfull \hbox (4.31749pt too wide) in paragraph at lines 5109--5109
[]\TU/DejaVuSerif(0)/m/n/10 string| 
 []

[34] [35] [36]
Overfull \vbox (252.19098pt too high) detected at line 5718
 []

[37]
Underfull \vbox (badness 10000) detected at line 5965
 []


Overfull \vbox (118.76933pt too high) detected at line 5965
 []

[38] [39]
Underfull \hbox (badness 10000) in paragraph at lines 6370--6370
[]\TU/DejaVuSans(0)/m/n/10 pro-
 []


Underfull \hbox (badness 10000) in paragraph at lines 6370--6370
\TU/DejaVuSans(0)/m/n/10 per-
 []


Underfull \hbox (badness 10000) in paragraph at lines 6370--6370
[]\TU/DejaVuSans(0)/m/n/10 ty-
 []


Underfull \hbox (badness 10000) in paragraph at lines 6370--6370
[]\TU/DejaVuSans(0)/m/n/10 le-
 []


Underfull \hbox (badness 10000) in paragraph at lines 6370--6370
[]\TU/DejaVuSans(0)/m/n/10 ac-
 []


Overfull \hbox (2.9834pt too wide) in paragraph at lines 6370--6370
\TU/DejaVuSans(0)/m/n/10 cess| 
 []


Overfull \hbox (1.3916pt too wide) in paragraph at lines 6370--6370
[]\TU/DejaVuSerif(0)/m/n/10 pre-
 []


Overfull \hbox (5.46387pt too wide) in paragraph at lines 6370--6370
[]\TU/DejaVuSerif(0)/m/n/10 spin-
 []


Overfull \hbox (150.14952pt too wide) in paragraph at lines 6370--6370
[]\TU/DejaVuSerif(0)/m/n/10 https://github.com/atviriduomenys/spinta/issues/| 
 []


Overfull \hbox (33.11339pt too wide) in paragraph at lines 6370--6370
[]\TU/DejaVuSerif(0)/m/n/10 https://ivpk.github.io/dsa/| 
 []


Overfull \hbox (5.39551pt too wide) in paragraph at lines 6370--6370
[]\TU/DejaVuSerif(0)/m/n/10 com-
 []


Overfull \hbox (6.77246pt too wide) in paragraph at lines 6370--6370
\TU/DejaVuSerif(0)/m/n/10 ment| 
 []


Underfull \hbox (badness 10000) in paragraph at lines 6370--6370
[]\TU/DejaVuSerif(0)/m/n/10 ba-
 []


Underfull \hbox (badness 10000) in paragraph at lines 6370--6370
[]\TU/DejaVuSerif(0)/m/n/10 update(base:
 []


Overfull \hbox (12.12762pt too wide) in paragraph at lines 6370--6370
\TU/DejaVuSerif(0)/m/n/10 "/jar/JuridinisAsmuo",
 []


Overfull \hbox (5.69336pt too wide) in paragraph at lines 6370--6370
[]\TU/DejaVuSerif(0)/m/n/10 open| 
 []


Underfull \hbox (badness 8075) in paragraph at lines 6370--6370
[]\TU/DejaVuSerif(0)/m/n/10 spinta:205, mani-
 []


Overfull \hbox (5.39551pt too wide) in paragraph at lines 6370--6370
[]\TU/DejaVuSerif(0)/m/n/10 com-
 []


Overfull \hbox (6.77246pt too wide) in paragraph at lines 6370--6370
\TU/DejaVuSerif(0)/m/n/10 ment| 
 []


Overfull \hbox (5.69336pt too wide) in paragraph at lines 6370--6370
[]\TU/DejaVuSerif(0)/m/n/10 open| 
 []


Underfull \hbox (badness 10000) in paragraph at lines 6370--6370
[]\TU/DejaVuSerif(0)/m/n/10 vado-
 []


Overfull \hbox (81.27257pt too wide) in paragraph at lines 6370--6370
\TU/DejaVuSerif(0)/m/n/10 vas:dsa/dimensijos.html#model.ref| 
 []


Underfull \hbox (badness 10000) in paragraph at lines 6370--6370
[]\TU/DejaVuSerif(0)/m/n/10 in-
 []


Underfull \hbox (badness 10000) in paragraph at lines 6370--6370
\TU/DejaVuSerif(0)/m/n/10 te-
 []


Overfull \hbox (5.69336pt too wide) in paragraph at lines 6370--6370
[]\TU/DejaVuSerif(0)/m/n/10 open| 
 []


Underfull \hbox (badness 10000) in paragraph at lines 6370--6370
[]\TU/DejaVuSerif(0)/m/n/10 pa-
 []


Underfull \hbox (badness 10000) in paragraph at lines 6370--6370
\TU/DejaVuSerif(0)/m/n/10 va-
 []


Underfull \hbox (badness 10000) in paragraph at lines 6370--6370
\TU/DejaVuSerif(0)/m/n/10 dini-
 []


Overfull \hbox (10.88379pt too wide) in paragraph at lines 6370--6370
[]\TU/DejaVuSerif(0)/m/n/10 string| 
 []


Overfull \hbox (5.69336pt too wide) in paragraph at lines 6370--6370
[]\TU/DejaVuSerif(0)/m/n/10 open| 
 []


Overfull \hbox (5.39551pt too wide) in paragraph at lines 6370--6370
[]\TU/DejaVuSerif(0)/m/n/10 com-
 []


Overfull \hbox (6.77246pt too wide) in paragraph at lines 6370--6370
\TU/DejaVuSerif(0)/m/n/10 ment| 
 []


Underfull \hbox (badness 10000) in paragraph at lines 6370--6370
[]\TU/DejaVuSerif(0)/m/n/10 update(property:
 []


Underfull \hbox (badness 10000) in paragraph at lines 6370--6370
\TU/DejaVuSerif(0)/m/n/10 "pavadinimas@lt",
 []


Overfull \hbox (5.69336pt too wide) in paragraph at lines 6370--6370
[]\TU/DejaVuSerif(0)/m/n/10 open| 
 []

[40] [41]
Underfull \hbox (badness 10000) in paragraph at lines 6638--6638
[]\TU/DejaVuSans(0)/m/n/10 pro-
 []


Underfull \hbox (badness 10000) in paragraph at lines 6638--6638
\TU/DejaVuSans(0)/m/n/10 per-
 []


Underfull \hbox (badness 10000) in paragraph at lines 6638--6638
[]\TU/DejaVuSans(0)/m/n/10 le-
 []


Overfull \hbox (9.23845pt too wide) in paragraph at lines 6638--6638
[]\TU/DejaVuSerif(0)/m/n/10 migra-
 []


Underfull \hbox (badness 10000) in paragraph at lines 6638--6638
[]\TU/DejaVuSerif(0)/m/n/10 2021-12-
 []


Underfull \hbox (badness 10000) in paragraph at lines 6638--6638
[]\TU/DejaVuSerif(0)/m/n/10 Pirmoji
 []


Overfull \hbox (9.23845pt too wide) in paragraph at lines 6638--6638
[]\TU/DejaVuSerif(0)/m/n/10 migra-
 []


Underfull \hbox (badness 10000) in paragraph at lines 6638--6638
[]\TU/DejaVuSerif(0)/m/n/10 2021-12-
 []


Underfull \hbox (badness 10000) in paragraph at lines 6638--6638
[]\TU/DejaVuSerif(0)/m/n/10 Antroji
 []


Overfull \hbox (9.23845pt too wide) in paragraph at lines 6638--6638
[]\TU/DejaVuSerif(0)/m/n/10 migra-
 []


Underfull \hbox (badness 10000) in paragraph at lines 6638--6638
[]\TU/DejaVuSerif(0)/m/n/10 2022-06-
 []


Underfull \hbox (badness 10000) in paragraph at lines 6638--6638
[]\TU/DejaVuSerif(0)/m/n/10 Treioji
 []


Underfull \hbox (badness 10000) in paragraph at lines 6638--6638
[]\TU/DejaVuSerif(0)/m/n/10 inte-
 []


Overfull \hbox (6.00603pt too wide) in paragraph at lines 6638--6638
[]\TU/DejaVuSerif(0)/m/n/10 string| 
 []


Overfull \hbox (9.23845pt too wide) in paragraph at lines 6638--6638
[]\TU/DejaVuSerif(0)/m/n/10 migra-
 []


Underfull \hbox (badness 10000) in paragraph at lines 6638--6638
[]\TU/DejaVuSerif(0)/m/n/10 cre-
 []


Overfull \hbox (11.37476pt too wide) in paragraph at lines 6638--6638
\TU/DejaVuSerif(0)/m/n/10 ate(level: 2)| 
 []


Overfull \hbox (9.23845pt too wide) in paragraph at lines 6638--6638
[]\TU/DejaVuSerif(0)/m/n/10 migra-
 []


Underfull \hbox (badness 10000) in paragraph at lines 6638--6638
[]\TU/DejaVuSerif(0)/m/n/10 upda-
 []


Overfull \hbox (5.41284pt too wide) in paragraph at lines 6638--6638
\TU/DejaVuSerif(0)/m/n/10 te(level: 3)| 
 []


Underfull \hbox (badness 10000) in paragraph at lines 6638--6638
[]\TU/DejaVuSerif(0)/m/n/10 na-
 []


Overfull \hbox (6.00603pt too wide) in paragraph at lines 6638--6638
[]\TU/DejaVuSerif(0)/m/n/10 string| 
 []


Overfull \hbox (9.23845pt too wide) in paragraph at lines 6638--6638
[]\TU/DejaVuSerif(0)/m/n/10 migra-
 []

[42] [43] [44] [45]
Underfull \hbox (badness 10000) in paragraph at lines 7334--7334
[]\TU/DejaVuSans(0)/m/n/10 data-
 []


Underfull \hbox (badness 10000) in paragraph at lines 7334--7334
[]\TU/DejaVuSans(0)/m/n/10 mo-
 []


Underfull \hbox (badness 10000) in paragraph at lines 7334--7334
[]\TU/DejaVuSans(0)/m/n/10 pro-
 []


Underfull \hbox (badness 10000) in paragraph at lines 7334--7334
[]\TU/DejaVuSerif(0)/m/n/10 pre-
 []


Underfull \hbox (badness 10000) in paragraph at lines 7334--7334
[]\TU/DejaVuSerif(0)/m/n/10 http://www.w3.org/
 []


Underfull \hbox (badness 10000) in paragraph at lines 7334--7334
[]\TU/DejaVuSerif(0)/m/n/10 na-
 []


Underfull \hbox (badness 10000) in paragraph at lines 7334--7334
[]\TU/DejaVuSerif(0)/m/n/10 Pavadini-
 []


Underfull \hbox (badness 10000) in paragraph at lines 7334--7334
[]\TU/DejaVuSerif(0)/m/n/10 na-
 []


Overfull \hbox (7.58232pt too wide) in paragraph at lines 7334--7334
[]\TU/DejaVuSerif(0)/m/n/10 string| 
 []

[46] [47] [48] [49]
Overfull \hbox (1.02759pt too wide) in paragraph at lines 8010--8010
[]\TU/DejaVuSans(0)/m/n/10 SRID| 
 []


Underfull \hbox (badness 10000) in paragraph at lines 8010--8010
[]\TU/DejaVuSans(0)/m/n/10 orientaci-
 []


Overfull \hbox (2.5315pt too wide) in paragraph at lines 8010--8010
[][][]\TU/DejaVuSerif(0)/m/n/10 4326[][]| 
 []


Underfull \hbox (badness 10000) in paragraph at lines 8010--8010
[][][]\TU/DejaVuSerif(0)/m/n/10 POINT(54.6981
 []


Underfull \hbox (badness 10000) in paragraph at lines 8010--8010
[]\TU/DejaVuSerif(0)/m/n/10 north,
 []


Overfull \hbox (2.5315pt too wide) in paragraph at lines 8010--8010
[][][]\TU/DejaVuSerif(0)/m/n/10 3346[][]| 
 []


Underfull \hbox (badness 10000) in paragraph at lines 8010--8010
[][][]\TU/DejaVuSerif(0)/m/n/10 POINT(6063156
 []


Underfull \hbox (badness 10000) in paragraph at lines 8010--8010
[]\TU/DejaVuSerif(0)/m/n/10 north,
 []


Overfull \hbox (2.5315pt too wide) in paragraph at lines 8010--8010
[][][]\TU/DejaVuSerif(0)/m/n/10 3857[][]| 
 []


Underfull \hbox (badness 10000) in paragraph at lines 8010--8010
[]\TU/DejaVuSerif(0)/m/n/10 WGS84 / Pseudo-
 []


Underfull \hbox (badness 10000) in paragraph at lines 8010--8010
[][][]\TU/DejaVuSerif(0)/m/n/10 POINT(2813472
 []


Underfull \hbox (badness 10000) in paragraph at lines 8010--8010
[]\TU/DejaVuSerif(0)/m/n/10 east,
 []


Overfull \hbox (2.5315pt too wide) in paragraph at lines 8010--8010
[][][]\TU/DejaVuSerif(0)/m/n/10 4258[][]| 
 []


Underfull \hbox (badness 10000) in paragraph at lines 8010--8010
[][][]\TU/DejaVuSerif(0)/m/n/10 POINT(54.6981
 []


Underfull \hbox (badness 10000) in paragraph at lines 8010--8010
[]\TU/DejaVuSerif(0)/m/n/10 north,
 []

[50] [51]
Underfull \hbox (badness 10000) in paragraph at lines 8367--8367
[]\TU/DejaVuSans(0)/m/n/10 proper-
 []


Underfull \hbox (badness 10000) in paragraph at lines 8367--8367
[]\TU/DejaVuSerif(0)/m/n/10 curren-
 []


Underfull \hbox (badness 10000) in paragraph at lines 8367--8367
[]\TU/DejaVuSerif(0)/m/n/10 CURREN-
 []


Underfull \hbox (badness 10000) in paragraph at lines 8367--8367
[]\TU/DejaVuSerif(0)/m/n/10 mo-
 []

[52]
Underfull \hbox (badness 10000) in paragraph at lines 8543--8543
[]\TU/DejaVuSans(0)/m/n/10 pro-
 []


Underfull \hbox (badness 10000) in paragraph at lines 8543--8543
[]\TU/DejaVuSans(0)/m/n/10 ty-
 []


Underfull \hbox (badness 10000) in paragraph at lines 8543--8543
[]\TU/DejaVuSans(0)/m/n/10 ac-
 []


Overfull \hbox (2.9834pt too wide) in paragraph at lines 8543--8543
\TU/DejaVuSans(0)/m/n/10 cess| 
 []


Overfull \hbox (10.88379pt too wide) in paragraph at lines 8543--8543
[]\TU/DejaVuSerif(0)/m/n/10 string| 
 []


Overfull \hbox (5.69336pt too wide) in paragraph at lines 8543--8543
[]\TU/DejaVuSerif(0)/m/n/10 open| 
 []


Overfull \hbox (36.14594pt too wide) in paragraph at lines 8543--8543
[]\TU/DejaVuSerif(0)/m/n/10 flag_file_name| 
 []


Overfull \hbox (10.88379pt too wide) in paragraph at lines 8543--8543
[]\TU/DejaVuSerif(0)/m/n/10 string| 
 []


Overfull \hbox (48.34363pt too wide) in paragraph at lines 8543--8543
[]\TU/DejaVuSerif(0)/m/n/10 FLAG_FILE_NAME| 
 []


Underfull \hbox (badness 10000) in paragraph at lines 8543--8543
[]\TU/DejaVuSerif(0)/m/n/10 pri-
 []


Underfull \hbox (badness 10000) in paragraph at lines 8543--8543
\TU/DejaVuSerif(0)/m/n/10 va-
 []


Overfull \hbox (30.68695pt too wide) in paragraph at lines 8543--8543
[]\TU/DejaVuSerif(0)/m/n/10 flag_file_data| 
 []


Underfull \hbox (badness 10000) in paragraph at lines 8543--8543
[]\TU/DejaVuSerif(0)/m/n/10 bi-
 []


Underfull \hbox (badness 10000) in paragraph at lines 8543--8543
\TU/DejaVuSerif(0)/m/n/10 na-
 []


Overfull \hbox (42.87pt too wide) in paragraph at lines 8543--8543
[]\TU/DejaVuSerif(0)/m/n/10 FLAG_FILE_DATA| 
 []


Underfull \hbox (badness 10000) in paragraph at lines 8543--8543
[]\TU/DejaVuSerif(0)/m/n/10 pri-
 []


Underfull \hbox (badness 10000) in paragraph at lines 8543--8543
\TU/DejaVuSerif(0)/m/n/10 va-
 []


Underfull \hbox (badness 10000) in paragraph at lines 8543--8543
[]\TU/DejaVuSerif(0)/m/n/10 file(name:
 []


Underfull \hbox (badness 10000) in paragraph at lines 8543--8543
\TU/DejaVuSerif(0)/m/n/10 flag_file_name, con-
 []


Overfull \hbox (5.69336pt too wide) in paragraph at lines 8543--8543
[]\TU/DejaVuSerif(0)/m/n/10 open| 
 []


Underfull \hbox (badness 10000) in paragraph at lines 8667--8667
[]\TU/DejaVuSans(0)/m/n/10 prepa-
 []


Underfull \hbox (badness 10000) in paragraph at lines 8667--8667
[]\TU/DejaVuSans(0)/m/n/10 ac-
 []


Overfull \hbox (1.80138pt too wide) in paragraph at lines 8667--8667
[]\TU/DejaVuSerif(0)/m/n/10 string| 
 []


Overfull \hbox (5.83788pt too wide) in paragraph at lines 8667--8667
[]\TU/DejaVuSerif(0)/m/n/10 FLAG_FILE_NAME| 
 []


Overfull \hbox (3.94699pt too wide) in paragraph at lines 8667--8667
[]\TU/DejaVuSerif(0)/m/n/10 flag._content| 
 []


Underfull \vbox (badness 1226) detected at line 8670
 []

[53] [54] [55] [56] [57] [58] [59] [60] [61] [62] [63] [64] [65] [66] [67]
[68] [69] [70] [71]
Underfull \hbox (badness 10000) in paragraph at lines 12812--12812
[]\TU/DejaVuSans(0)/m/n/10 le-
 []


Underfull \hbox (badness 10000) in paragraph at lines 12812--12812
[]\TU/DejaVuSerif(0)/m/n/10 inte-
 []


Overfull \hbox (3.8558pt too wide) in paragraph at lines 12812--12812
[]\TU/DejaVuSerif(0)/m/n/10 string| 
 []


Overfull \hbox (3.8558pt too wide) in paragraph at lines 12812--12812
[]\TU/DejaVuSerif(0)/m/n/10 string| 
 []


Underfull \hbox (badness 10000) in paragraph at lines 12812--12812
[]\TU/DejaVuSerif(0)/m/n/10 inte-
 []


Overfull \hbox (3.8558pt too wide) in paragraph at lines 12812--12812
[]\TU/DejaVuSerif(0)/m/n/10 string| 
 []


Underfull \hbox (badness 10000) in paragraph at lines 12812--12812
[]\TU/DejaVuSerif(0)/m/n/10 count-
 []


Overfull \hbox (3.8558pt too wide) in paragraph at lines 12812--12812
[]\TU/DejaVuSerif(0)/m/n/10 string| 
 []


Underfull \hbox (badness 10000) in paragraph at lines 12812--12812
[]\TU/DejaVuSerif(0)/m/n/10 count-
 []


Underfull \hbox (badness 10000) in paragraph at lines 12812--12812
[]\TU/DejaVuSerif(0)/m/n/10 inte-
 []


Underfull \hbox (badness 10000) in paragraph at lines 12812--12812
[]\TU/DejaVuSerif(0)/m/n/10 Count-
 []

[72] [73]
Underfull \hbox (badness 10000) in paragraph at lines 13562--13562
[]\TU/DejaVuSans(0)/m/n/10 le-
 []


Underfull \hbox (badness 10000) in paragraph at lines 13562--13562
[]\TU/DejaVuSerif(0)/m/n/10 inte-
 []


Underfull \hbox (badness 10000) in paragraph at lines 13562--13562
[]\TU/DejaVuSerif(0)/m/n/10 ba-
 []


Underfull \hbox (badness 10000) in paragraph at lines 13562--13562
[]\TU/DejaVuSerif(0)/m/n/10 inte-
 []


Overfull \hbox (0.89154pt too wide) in paragraph at lines 13562--13562
[]\TU/DejaVuSerif(0)/m/n/10 Count-
 []


Underfull \hbox (badness 10000) in paragraph at lines 13562--13562
[]\TU/DejaVuSerif(0)/m/n/10 inte-
 []


Underfull \hbox (badness 10000) in paragraph at lines 13562--13562
[]\TU/DejaVuSerif(0)/m/n/10 inte-
 []


Underfull \hbox (badness 10000) in paragraph at lines 13562--13562
[]\TU/DejaVuSerif(0)/m/n/10 ob-
 []


Overfull \hbox (0.57224pt too wide) in paragraph at lines 13562--13562
\TU/DejaVuSerif(0)/m/n/10 ject_model| 
 []


Underfull \hbox (badness 10000) in paragraph at lines 13562--13562
[]\TU/DejaVuSerif(0)/m/n/10 gene-
 []


Overfull \hbox (0.89154pt too wide) in paragraph at lines 13562--13562
[]\TU/DejaVuSerif(0)/m/n/10 Count-
 []

[74] [75] [76] [77] [78]
Underfull \hbox (badness 10000) in paragraph at lines 14563--14563
[]\TU/DejaVuSans(0)/m/n/10 na-
 []


Underfull \hbox (badness 10000) in paragraph at lines 14563--14563
[]\TU/DejaVuSerif(0)/m/n/10 096e054e-7a4c-44cc-8f27-
 []


Underfull \hbox (badness 10000) in paragraph at lines 14563--14563
[]\TU/DejaVuSerif(0)/m/n/10 4dbb1b77-a930-4f2a-8ef4-
 []

[79] [80] [81]
Underfull \hbox (badness 10000) in paragraph at lines 15418--15418
[]\TU/DejaVuSans(0)/m/n/10 data-
 []


Underfull \hbox (badness 10000) in paragraph at lines 15418--15418
[]\TU/DejaVuSans(0)/m/n/10 resour-
 []


Underfull \hbox (badness 10000) in paragraph at lines 15418--15418
[]\TU/DejaVuSans(0)/m/n/10 prepa-
 []


Underfull \hbox (badness 10000) in paragraph at lines 15418--15418
[]\TU/DejaVuSerif(0)/m/n/10 inte-
 []


Underfull \hbox (badness 10000) in paragraph at lines 15418--15418
[]\TU/DejaVuSerif(0)/m/n/10 ci-
 []


Underfull \hbox (badness 10000) in paragraph at lines 15418--15418
[]\TU/DejaVuSerif(0)/m/n/10 Count-
 []


Underfull \hbox (badness 10000) in paragraph at lines 15418--15418
[]\TU/DejaVuSerif(0)/m/n/10 count-
 []


Underfull \vbox (badness 10000) detected at line 15421
 []

[82]
Underfull \hbox (badness 10000) in paragraph at lines 15620--15620
[]\TU/DejaVuSans(0)/m/n/10 data-
 []


Underfull \hbox (badness 10000) in paragraph at lines 15620--15620
[]\TU/DejaVuSans(0)/m/n/10 resour-
 []


Underfull \hbox (badness 10000) in paragraph at lines 15620--15620
[]\TU/DejaVuSans(0)/m/n/10 prepa-
 []


Underfull \hbox (badness 10000) in paragraph at lines 15620--15620
[]\TU/DejaVuSerif(0)/m/n/10 inte-
 []


Underfull \hbox (badness 10000) in paragraph at lines 15620--15620
[]\TU/DejaVuSerif(0)/m/n/10 Count-
 []


Underfull \hbox (badness 10000) in paragraph at lines 15620--15620
[]\TU/DejaVuSerif(0)/m/n/10 count-
 []


Underfull \hbox (badness 10000) in paragraph at lines 15620--15620
[]\TU/DejaVuSerif(0)/m/n/10 count-
 []


Underfull \hbox (badness 10000) in paragraph at lines 15620--15620
[]\TU/DejaVuSerif(0)/m/n/10 count-
 []


Underfull \vbox (badness 10000) detected at line 15623
 []

[83] [84] [85]
Missing character: There is no  (U+2605) in font DejaVu Serif/OT:script=latn;l
anguage=dflt;!
[86] [87]
Underfull \hbox (badness 10000) in paragraph at lines 16413--16415
[]|\TU/DejaVuSans(0)/m/n/10 imo-
 []


Overfull \hbox (4.59196pt too wide) in paragraph at lines 16413--16415
\TU/DejaVuSans(0)/m/n/10 nes_pavadinimas| 
 []


Underfull \hbox (badness 10000) in paragraph at lines 16433--16436
[]|\TU/DejaVuSerif(0)/m/n/10 +370 345
 []


Underfull \hbox (badness 10000) in paragraph at lines 16483--16485
[]|\TU/DejaVuSerif(0)/m/n/10 MON 1,
 []

[88] [89] [90] [91] [92] [93] [94]
Underfull \hbox (badness 10000) in paragraph at lines 18139--18139
[]\TU/DejaVuSans(0)/m/n/10 ikur-
 []


Underfull \hbox (badness 10000) in paragraph at lines 18139--18139
[]\TU/DejaVuSans(0)/m/n/10 at-
 []


Underfull \hbox (badness 10000) in paragraph at lines 18139--18139
\TU/DejaVuSans(0)/m/n/10 stu-
 []


Overfull \hbox (1.78564pt too wide) in paragraph at lines 18139--18139
[]\TU/DejaVuSans(0)/m/n/10 imo-
 []


Overfull \hbox (4.14893pt too wide) in paragraph at lines 18139--18139
\TU/DejaVuSans(0)/m/n/10 ne.id| 
 []


Underfull \hbox (badness 10000) in paragraph at lines 18139--18139
[]\TU/DejaVuSans(0)/m/n/10 imo-
 []


Overfull \hbox (41.61684pt too wide) in paragraph at lines 18139--18139
\TU/DejaVuSans(0)/m/n/10 ne.pavadinimas@lt| 
 []


Underfull \hbox (badness 10000) in paragraph at lines 18139--18139
[]\TU/DejaVuSerif(0)/m/n/10 63161bd2-158f-
 []


Underfull \hbox (badness 10000) in paragraph at lines 18139--18139
\TU/DejaVuSerif(0)/m/n/10 4d62-9804-
 []


Overfull \hbox (1.42082pt too wide) in paragraph at lines 18139--18139
[]\TU/DejaVuSerif(0)/m/n/10 2021-
 []


Underfull \hbox (badness 10000) in paragraph at lines 18139--18139
\TU/DejaVuSerif(0)/m/n/10 09-
 []


Underfull \hbox (badness 10000) in paragraph at lines 18139--18139
[]\TU/DejaVuSerif(0)/m/n/10 26510da5-f6a6-
 []


Underfull \hbox (badness 10000) in paragraph at lines 18139--18139
\TU/DejaVuSerif(0)/m/n/10 45b0-a9b9-
 []


Overfull \hbox (41.11327pt too wide) in paragraph at lines 18139--18139
[]\TU/DejaVuSerif(0)/m/n/10 +37011111111| 
 []


Underfull \hbox (badness 10000) in paragraph at lines 18139--18139
[]\TU/DejaVuSerif(0)/m/n/10 65ec7208-
 []


Underfull \hbox (badness 10000) in paragraph at lines 18139--18139
\TU/DejaVuSerif(0)/m/n/10 fb97-41a8-9cfc-
 []


Overfull \hbox (1.42082pt too wide) in paragraph at lines 18139--18139
[]\TU/DejaVuSerif(0)/m/n/10 2021-
 []


Underfull \hbox (badness 10000) in paragraph at lines 18139--18139
\TU/DejaVuSerif(0)/m/n/10 09-
 []


Underfull \hbox (badness 10000) in paragraph at lines 18139--18139
[]\TU/DejaVuSerif(0)/m/n/10 26510da5-f6a6-
 []


Underfull \hbox (badness 10000) in paragraph at lines 18139--18139
\TU/DejaVuSerif(0)/m/n/10 45b0-a9b9-
 []


Overfull \hbox (41.11327pt too wide) in paragraph at lines 18139--18139
[]\TU/DejaVuSerif(0)/m/n/10 +37022222222| 
 []


Underfull \hbox (badness 10000) in paragraph at lines 18139--18139
[]\TU/DejaVuSerif(0)/m/n/10 2b8cdfa6-1396-
 []


Underfull \hbox (badness 10000) in paragraph at lines 18139--18139
\TU/DejaVuSerif(0)/m/n/10 431a-851c-
 []


Overfull \hbox (1.42082pt too wide) in paragraph at lines 18139--18139
[]\TU/DejaVuSerif(0)/m/n/10 2021-
 []


Underfull \hbox (badness 10000) in paragraph at lines 18139--18139
\TU/DejaVuSerif(0)/m/n/10 09-
 []


Underfull \hbox (badness 10000) in paragraph at lines 18139--18139
[]\TU/DejaVuSerif(0)/m/n/10 26510da5-f6a6-
 []


Underfull \hbox (badness 10000) in paragraph at lines 18139--18139
\TU/DejaVuSerif(0)/m/n/10 45b0-a9b9-
 []


Overfull \hbox (41.11327pt too wide) in paragraph at lines 18139--18139
[]\TU/DejaVuSerif(0)/m/n/10 +37033333333| 
 []


Underfull \hbox (badness 10000) in paragraph at lines 18139--18139
[]\TU/DejaVuSerif(0)/m/n/10 1882bb9e-73ee-
 []


Underfull \hbox (badness 10000) in paragraph at lines 18139--18139
\TU/DejaVuSerif(0)/m/n/10 4057-b04d-
 []


Overfull \hbox (1.42082pt too wide) in paragraph at lines 18139--18139
[]\TU/DejaVuSerif(0)/m/n/10 2021-
 []


Underfull \hbox (badness 10000) in paragraph at lines 18139--18139
\TU/DejaVuSerif(0)/m/n/10 09-
 []


Underfull \hbox (badness 10000) in paragraph at lines 18139--18139
[]\TU/DejaVuSerif(0)/m/n/10 26510da5-f6a6-
 []


Underfull \hbox (badness 10000) in paragraph at lines 18139--18139
\TU/DejaVuSerif(0)/m/n/10 45b0-a9b9-
 []


Overfull \hbox (41.11327pt too wide) in paragraph at lines 18139--18139
[]\TU/DejaVuSerif(0)/m/n/10 +37044444444| 
 []

[95]
Underfull \hbox (badness 10000) in paragraph at lines 18456--18456
[]\TU/DejaVuSans(0)/m/n/10 le-
 []


Underfull \hbox (badness 10000) in paragraph at lines 18456--18456
[]\TU/DejaVuSans(0)/m/n/10 prepa-
 []


Underfull \hbox (badness 10000) in paragraph at lines 18456--18456
[]\TU/DejaVuSerif(0)/m/n/10 inte-
 []


Underfull \hbox (badness 10000) in paragraph at lines 18456--18456
[]\TU/DejaVuSerif(0)/m/n/10 inte-
 []


Underfull \hbox (badness 10000) in paragraph at lines 18456--18456
[]\TU/DejaVuSerif(0)/m/n/10 inte-
 []


Underfull \hbox (badness 10000) in paragraph at lines 18456--18456
[]\TU/DejaVuSerif(0)/m/n/10 Juridi-
 []


Underfull \hbox (badness 10000) in paragraph at lines 18456--18456
[]\TU/DejaVuSerif(0)/m/n/10 inte-
 []


Underfull \hbox (badness 10000) in paragraph at lines 18456--18456
[]\TU/DejaVuSerif(0)/m/n/10 inte-
 []


Underfull \hbox (badness 10000) in paragraph at lines 18456--18456
[]\TU/DejaVuSerif(0)/m/n/10 Imo-
 []


Underfull \hbox (badness 10000) in paragraph at lines 18456--18456
[]\TU/DejaVuSerif(0)/m/n/10 imo-
 []

[96] [97]
Underfull \hbox (badness 10000) in paragraph at lines 18685--18685
[]\TU/DejaVuSans(0)/m/n/10 ikur-
 []


Underfull \hbox (badness 10000) in paragraph at lines 18685--18685
[]\TU/DejaVuSans(0)/m/n/10 at-
 []


Underfull \hbox (badness 10000) in paragraph at lines 18685--18685
\TU/DejaVuSans(0)/m/n/10 stu-
 []


Overfull \hbox (2.2204pt too wide) in paragraph at lines 18685--18685
[]\TU/DejaVuSans(0)/m/n/10 imo-
 []


Overfull \hbox (4.58368pt too wide) in paragraph at lines 18685--18685
\TU/DejaVuSans(0)/m/n/10 ne.id| 
 []


Underfull \hbox (badness 10000) in paragraph at lines 18685--18685
[]\TU/DejaVuSans(0)/m/n/10 imo-
 []


Overfull \hbox (42.76645pt too wide) in paragraph at lines 18685--18685
\TU/DejaVuSans(0)/m/n/10 ne.pavadinimas@lt| 
 []


Underfull \hbox (badness 10000) in paragraph at lines 18685--18685
[]\TU/DejaVuSerif(0)/m/n/10 63161bd2-158f-
 []


Underfull \hbox (badness 10000) in paragraph at lines 18685--18685
\TU/DejaVuSerif(0)/m/n/10 4d62-9804-
 []


Overfull \hbox (1.99796pt too wide) in paragraph at lines 18685--18685
[]\TU/DejaVuSerif(0)/m/n/10 2021-
 []


Underfull \hbox (badness 10000) in paragraph at lines 18685--18685
\TU/DejaVuSerif(0)/m/n/10 09-
 []


Underfull \hbox (badness 10000) in paragraph at lines 18685--18685
[]\TU/DejaVuSerif(0)/m/n/10 26510da5-f6a6-
 []


Underfull \hbox (badness 10000) in paragraph at lines 18685--18685
\TU/DejaVuSerif(0)/m/n/10 45b0-a9b9-
 []


Overfull \hbox (50.72153pt too wide) in paragraph at lines 18685--18685
[]\TU/DejaVuSerif(0)/m/n/10 tel:+37011111111| 
 []


Underfull \hbox (badness 10000) in paragraph at lines 18685--18685
[]\TU/DejaVuSerif(0)/m/n/10 65ec7208-
 []


Underfull \hbox (badness 10000) in paragraph at lines 18685--18685
\TU/DejaVuSerif(0)/m/n/10 fb97-41a8-9cfc-
 []


Overfull \hbox (1.99796pt too wide) in paragraph at lines 18685--18685
[]\TU/DejaVuSerif(0)/m/n/10 2021-
 []


Underfull \hbox (badness 10000) in paragraph at lines 18685--18685
\TU/DejaVuSerif(0)/m/n/10 09-
 []


Underfull \hbox (badness 10000) in paragraph at lines 18685--18685
[]\TU/DejaVuSerif(0)/m/n/10 26510da5-f6a6-
 []


Underfull \hbox (badness 10000) in paragraph at lines 18685--18685
\TU/DejaVuSerif(0)/m/n/10 45b0-a9b9-
 []


Overfull \hbox (50.72153pt too wide) in paragraph at lines 18685--18685
[]\TU/DejaVuSerif(0)/m/n/10 tel:+37022222222| 
 []


Underfull \hbox (badness 10000) in paragraph at lines 18685--18685
[]\TU/DejaVuSerif(0)/m/n/10 2b8cdfa6-1396-
 []


Underfull \hbox (badness 10000) in paragraph at lines 18685--18685
\TU/DejaVuSerif(0)/m/n/10 431a-851c-
 []


Overfull \hbox (1.99796pt too wide) in paragraph at lines 18685--18685
[]\TU/DejaVuSerif(0)/m/n/10 2021-
 []


Underfull \hbox (badness 10000) in paragraph at lines 18685--18685
\TU/DejaVuSerif(0)/m/n/10 09-
 []


Underfull \hbox (badness 10000) in paragraph at lines 18685--18685
[]\TU/DejaVuSerif(0)/m/n/10 26510da5-f6a6-
 []


Underfull \hbox (badness 10000) in paragraph at lines 18685--18685
\TU/DejaVuSerif(0)/m/n/10 45b0-a9b9-
 []


Overfull \hbox (50.72153pt too wide) in paragraph at lines 18685--18685
[]\TU/DejaVuSerif(0)/m/n/10 tel:+37033333333| 
 []


Underfull \hbox (badness 10000) in paragraph at lines 18685--18685
[]\TU/DejaVuSerif(0)/m/n/10 1882bb9e-73ee-
 []


Underfull \hbox (badness 10000) in paragraph at lines 18685--18685
\TU/DejaVuSerif(0)/m/n/10 4057-b04d-
 []


Overfull \hbox (1.99796pt too wide) in paragraph at lines 18685--18685
[]\TU/DejaVuSerif(0)/m/n/10 2021-
 []


Underfull \hbox (badness 10000) in paragraph at lines 18685--18685
\TU/DejaVuSerif(0)/m/n/10 09-
 []


Underfull \hbox (badness 10000) in paragraph at lines 18685--18685
[]\TU/DejaVuSerif(0)/m/n/10 26510da5-f6a6-
 []


Underfull \hbox (badness 10000) in paragraph at lines 18685--18685
\TU/DejaVuSerif(0)/m/n/10 45b0-a9b9-
 []


Overfull \hbox (50.72153pt too wide) in paragraph at lines 18685--18685
[]\TU/DejaVuSerif(0)/m/n/10 tel:+37044444444| 
 []


Underfull \hbox (badness 10000) in paragraph at lines 19074--19074
[]\TU/DejaVuSans(0)/m/n/10 le-
 []


Overfull \hbox (1.44397pt too wide) in paragraph at lines 19074--19074
[]\TU/DejaVuSans(0)/m/n/10 prep-
 []


Underfull \hbox (badness 10000) in paragraph at lines 19074--19074
[]\TU/DejaVuSerif(0)/m/n/10 pre-
 []


Overfull \hbox (46.99849pt too wide) in paragraph at lines 19074--19074
[]\TU/DejaVuSerif(0)/m/n/10 http://xmlns.com/foaf/0.1/| 
 []


Overfull \hbox (40.06978pt too wide) in paragraph at lines 19074--19074
[]\TU/DejaVuSerif(0)/m/n/10 http://purl.org/dc/terms/| 
 []


Overfull \hbox (1.80667pt too wide) in paragraph at lines 19074--19074
[]\TU/DejaVuSerif(0)/m/n/10 sche-
 []


Overfull \hbox (9.71333pt too wide) in paragraph at lines 19074--19074
[]\TU/DejaVuSerif(0)/m/n/10 http://schema.org/| 
 []


Underfull \hbox (badness 10000) in paragraph at lines 19074--19074
[]\TU/DejaVuSerif(0)/m/n/10 ko-
 []


Underfull \hbox (badness 10000) in paragraph at lines 19074--19074
[]\TU/DejaVuSerif(0)/m/n/10 inte-
 []


Underfull \hbox (badness 10000) in paragraph at lines 19074--19074
[]\TU/DejaVuSerif(0)/m/n/10 pavadini-
 []


Underfull \hbox (badness 10000) in paragraph at lines 19074--19074
[]\TU/DejaVuSerif(0)/m/n/10 fo-
 []


Underfull \hbox (badness 10000) in paragraph at lines 19074--19074
[]\TU/DejaVuSerif(0)/m/n/10 pavadini-
 []


Underfull \hbox (badness 10000) in paragraph at lines 19074--19074
[]\TU/DejaVuSerif(0)/m/n/10 inte-
 []


Overfull \hbox (4.80884pt too wide) in paragraph at lines 19074--19074
[]\TU/DejaVuSerif(0)/m/n/10 enum| 
 []


Underfull \hbox (badness 10000) in paragraph at lines 19074--19074
[]\TU/DejaVuSerif(0)/m/n/10 Juri-
 []


Underfull \hbox (badness 10000) in paragraph at lines 19074--19074
[]\TU/DejaVuSerif(0)/m/n/10 Fizi-
 []


Underfull \hbox (badness 10000) in paragraph at lines 19074--19074
[]\TU/DejaVuSerif(0)/m/n/10 sche-
 []


Overfull \hbox (7.41841pt too wide) in paragraph at lines 19074--19074
\TU/DejaVuSerif(0)/m/n/10 ma:LocalBusiness| 
 []


Underfull \hbox (badness 10000) in paragraph at lines 19074--19074
[]\TU/DejaVuSerif(0)/m/n/10 inte-
 []


Underfull \hbox (badness 10000) in paragraph at lines 19074--19074
[]\TU/DejaVuSerif(0)/m/n/10 sche-
 []


Underfull \hbox (badness 10000) in paragraph at lines 19074--19074
[]\TU/DejaVuSerif(0)/m/n/10 Imo-
 []


Underfull \hbox (badness 10000) in paragraph at lines 19074--19074
[]\TU/DejaVuSerif(0)/m/n/10 fo-
 []


Underfull \hbox (badness 10000) in paragraph at lines 19074--19074
[]\TU/DejaVuSerif(0)/m/n/10 inte-
 []


Underfull \hbox (badness 10000) in paragraph at lines 19074--19074
[]\TU/DejaVuSerif(0)/m/n/10 imo-
 []


Overfull \hbox (22.78503pt too wide) in paragraph at lines 19074--19074
\TU/DejaVuSerif(0)/m/n/10 ne.pavadinimas@lt| 
 []


Overfull \hbox (6.49829pt too wide) in paragraph at lines 19074--19074
[]\TU/DejaVuSerif(0)/m/n/10 string| 
 []

[98] [99] [100] [101] [102]
Underfull \vbox (badness 10000) detected at line 19583
 []


Overfull \vbox (162.92091pt too high) detected at line 19583
 []

[103] [104] [105] [106] [107] [108] [109]
Underfull \hbox (badness 10000) in paragraph at lines 20169--20172
[]\TU/DejaVuSerif(0)/m/n/10 complexType City tampa [][]\TU/DejaVuSansMono(0)/m/
it/10 model[][] \TU/DejaVuSerif(0)/m/n/10 City, o complexType City viduje esan
iame
 []

[110]
Underfull \hbox (badness 10000) in paragraph at lines 20251--20253
[]\TU/DejaVuSerif(0)/m/n/10 <xs:schema xmlns:xs="http://www.w3.org/2001/XMLSche
ma" elementFormDe-
 []


Underfull \hbox (badness 10000) in paragraph at lines 20258--20261
\TU/DejaVuSerif(0)/m/n/10 <xs:element name="name" type="xs:string" /> <xs:eleme
nt na-
 []

[111] [112] [113] [114] [115] [116] [117]
Underfull \hbox (badness 10000) in paragraph at lines 21852--21852
[]\TU/DejaVuSans(0)/m/n/10 mo-
 []


Underfull \hbox (badness 10000) in paragraph at lines 21852--21852
[]\TU/DejaVuSerif(0)/m/n/10 inte-
 []


Underfull \hbox (badness 10000) in paragraph at lines 21852--21852
[]\TU/DejaVuSerif(0)/m/n/10 ba-
 []


Underfull \hbox (badness 10000) in paragraph at lines 21852--21852
[]\TU/DejaVuSerif(0)/m/n/10 inte-
 []


Overfull \hbox (1.22292pt too wide) in paragraph at lines 21852--21852
[]\TU/DejaVuSerif(0)/b/n/10 Count-
 []


Underfull \hbox (badness 10000) in paragraph at lines 21852--21852
[]\TU/DejaVuSerif(0)/m/n/10 ba-
 []


Underfull \hbox (badness 10000) in paragraph at lines 21852--21852
[]\TU/DejaVuSerif(0)/m/n/10 inte-
 []


Underfull \hbox (badness 10000) in paragraph at lines 21852--21852
[]\TU/DejaVuSerif(0)/m/n/10 ci-
 []


Overfull \hbox (16.14764pt too wide) in paragraph at lines 21852--21852
\TU/DejaVuSerif(0)/m/n/10 ties[].streets[].name@en| 
 []


Underfull \hbox (badness 10000) in paragraph at lines 21852--21852
[]\TU/DejaVuSerif(0)/m/n/10 inte-
 []


Overfull \hbox (1.22292pt too wide) in paragraph at lines 21852--21852
[]\TU/DejaVuSerif(0)/b/n/10 Count-
 []


Overfull \hbox (43.93904pt too wide) in paragraph at lines 21852--21852
[]\TU/DejaVuSerif(0)/b/n/10 countries/country/cities/city/streets/street| 
 []


Underfull \hbox (badness 10000) in paragraph at lines 21852--21852
[]\TU/DejaVuSerif(0)/m/n/10 inte-
 []


Underfull \vbox (badness 10000) detected at line 21998
 []


Overfull \vbox (141.86977pt too high) detected at line 21998
 []

[118] [119]
Underfull \vbox (badness 10000) detected at line 21998
 []


Underfull \vbox (badness 10000) detected at line 21998
 []

[120] [121] [122] [123]
Underfull \hbox (badness 10000) in paragraph at lines 22617--22617
[]\TU/DejaVuSans(0)/m/n/10 proper-
 []


Overfull \hbox (7.56442pt too wide) in paragraph at lines 22617--22617
[]\TU/DejaVuSerif(0)/m/n/10 http://www.w3.org/ns/locn#| 
 []


Underfull \hbox (badness 10000) in paragraph at lines 22617--22617
[]\TU/DejaVuSerif(0)/m/n/10 dbpedia-
 []


Overfull \hbox (8.21384pt too wide) in paragraph at lines 22617--22617
[]\TU/DejaVuSerif(0)/m/n/10 http://dbpedia.org/ontology/| 
 []


Underfull \hbox (badness 10000) in paragraph at lines 22617--22617
[]\TU/DejaVuSerif(0)/m/n/10 inte-
 []


Underfull \hbox (badness 10000) in paragraph at lines 22617--22617
[]\TU/DejaVuSerif(0)/m/n/10 na-
 []


Underfull \hbox (badness 10000) in paragraph at lines 22617--22617
[]\TU/DejaVuSerif(0)/m/n/10 inte-
 []


Underfull \hbox (badness 10000) in paragraph at lines 22617--22617
[]\TU/DejaVuSerif(0)/m/n/10 na-
 []

[124] [125] [126] [127] [128] [129] [130] [131] [132] [133] [134] [135]
[136] [137] [138]
Missing character: There is no  (U+220A) in font DejaVu Serif/OT:script=latn;l
anguage=dflt;!
Missing character: There is no  (U+220A) in font DejaVu Serif/OT:script=latn;l
anguage=dflt;!
Missing character: There is no  (U+220A) in font DejaVu Serif/OT:script=latn;l
anguage=dflt;!
Missing character: There is no  (U+220A) in font DejaVu Serif/OT:script=latn;l
anguage=dflt;!
Missing character: There is no  (U+220A) in font DejaVu Serif/OT:script=latn;l
anguage=dflt;!
Missing character: There is no  (U+220A) in font DejaVu Serif/OT:script=latn;l
anguage=dflt;!
Missing character: There is no  (U+220A) in font DejaVu Serif/OT:script=latn;l
anguage=dflt;!
[139] [140] [141] [142] [143]
Missing character: There is no  (U+2605) in font DejaVu Serif/OT:script=latn;l
anguage=dflt;!
Missing character: There is no  (U+2605) in font DejaVu Serif/OT:script=latn;l
anguage=dflt;!
[144] [145] [146] [147] [148] [149] [150] [151] [152] [153] [154] [155



]
(./DSA.ind [156


] [157

] [158] [159] [160]
Invalid UTF-8 byte or sequence at line 541 replaced by U+FFFD.
 [161]) (./DSA.aux)
 ***********
LaTeX2e <2023-11-01> patch level 1
L3 programming layer <2024-01-22>
 ***********
Package rerunfilecheck Info: File `DSA.out' has not changed.
(rerunfilecheck)             Checksum: 816861E57C8C89305FAF50ADF9BF433B;27931.
 ) 
Here is how much of TeX's memory you used:
 19834 strings out of 476316
 401869 string characters out of 5791084
 2159627 words of memory out of 5000000
 41385 multiletter control sequences out of 15000+600000
 564888 words of font info for 116 fonts, out of 8000000 for 9000
 351 hyphenation exceptions out of 8191
 79i,14n,93p,1192b,724s stack positions out of 10000i,1000n,20000p,200000b,200000s

Output written on DSA.pdf (165 pages).
